2023-03-06 14:08:03,749 - root - INFO - We are starting the data analysis in Jupyter Notebook
2023-03-06 14:09:01,868 - root - INFO - From here we will analyze the data
2023-03-06 14:12:25,876 - root - INFO - Using visualization for better undertanding
2023-03-06 14:12:41,242 - matplotlib.font_manager - DEBUG - findfont: Matching sans\-serif:style=normal:variant=normal:weight=normal:stretch=normal:size=10.0.
2023-03-06 14:12:41,245 - matplotlib.font_manager - DEBUG - findfont: score(FontEntry(fname='/usr/local/lib/python3.8/dist-packages/matplotlib/mpl-data/fonts/ttf/STIXNonUniIta.ttf', name='STIXNonUnicode', style='italic', variant='normal', weight=400, stretch='normal', size='scalable')) = 11.05
2023-03-06 14:12:41,248 - matplotlib.font_manager - DEBUG - findfont: score(FontEntry(fname='/usr/local/lib/python3.8/dist-packages/matplotlib/mpl-data/fonts/ttf/STIXSizFourSymBol.ttf', name='STIXSizeFourSym', style='normal', variant='normal', weight=700, stretch='normal', size='scalable')) = 10.335
2023-03-06 14:12:41,250 - matplotlib.font_manager - DEBUG - findfont: score(FontEntry(fname='/usr/local/lib/python3.8/dist-packages/matplotlib/mpl-data/fonts/ttf/DejaVuSansMono-Bold.ttf', name='DejaVu Sans Mono', style='normal', variant='normal', weight=700, stretch='normal', size='scalable')) = 10.335
2023-03-06 14:12:41,252 - matplotlib.font_manager - DEBUG - findfont: score(FontEntry(fname='/usr/local/lib/python3.8/dist-packages/matplotlib/mpl-data/fonts/ttf/DejaVuSerifDisplay.ttf', name='DejaVu Serif Display', style='normal', variant='normal', weight=400, stretch='normal', size='scalable')) = 10.05
2023-03-06 14:12:41,254 - matplotlib.font_manager - DEBUG - findfont: score(FontEntry(fname='/usr/local/lib/python3.8/dist-packages/matplotlib/mpl-data/fonts/ttf/STIXSizThreeSymReg.ttf', name='STIXSizeThreeSym', style='normal', variant='normal', weight=400, stretch='normal', size='scalable')) = 10.05
2023-03-06 14:12:41,256 - matplotlib.font_manager - DEBUG - findfont: score(FontEntry(fname='/usr/local/lib/python3.8/dist-packages/matplotlib/mpl-data/fonts/ttf/STIXGeneralItalic.ttf', name='STIXGeneral', style='italic', variant='normal', weight=400, stretch='normal', size='scalable')) = 11.05
2023-03-06 14:12:41,258 - matplotlib.font_manager - DEBUG - findfont: score(FontEntry(fname='/usr/local/lib/python3.8/dist-packages/matplotlib/mpl-data/fonts/ttf/cmsy10.ttf', name='cmsy10', style='normal', variant='normal', weight=400, stretch='normal', size='scalable')) = 10.05
2023-03-06 14:12:41,259 - matplotlib.font_manager - DEBUG - findfont: score(FontEntry(fname='/usr/local/lib/python3.8/dist-packages/matplotlib/mpl-data/fonts/ttf/cmr10.ttf', name='cmr10', style='normal', variant='normal', weight=400, stretch='normal', size='scalable')) = 10.05
2023-03-06 14:12:41,262 - matplotlib.font_manager - DEBUG - findfont: score(FontEntry(fname='/usr/local/lib/python3.8/dist-packages/matplotlib/mpl-data/fonts/ttf/DejaVuSerif-Bold.ttf', name='DejaVu Serif', style='normal', variant='normal', weight=700, stretch='normal', size='scalable')) = 10.335
2023-03-06 14:12:41,263 - matplotlib.font_manager - DEBUG - findfont: score(FontEntry(fname='/usr/local/lib/python3.8/dist-packages/matplotlib/mpl-data/fonts/ttf/DejaVuSerif-BoldItalic.ttf', name='DejaVu Serif', style='italic', variant='normal', weight=700, stretch='normal', size='scalable')) = 11.335
2023-03-06 14:12:41,264 - matplotlib.font_manager - DEBUG - findfont: score(FontEntry(fname='/usr/local/lib/python3.8/dist-packages/matplotlib/mpl-data/fonts/ttf/STIXSizThreeSymBol.ttf', name='STIXSizeThreeSym', style='normal', variant='normal', weight=700, stretch='normal', size='scalable')) = 10.335
2023-03-06 14:12:41,265 - matplotlib.font_manager - DEBUG - findfont: score(FontEntry(fname='/usr/local/lib/python3.8/dist-packages/matplotlib/mpl-data/fonts/ttf/cmss10.ttf', name='cmss10', style='normal', variant='normal', weight=400, stretch='normal', size='scalable')) = 10.05
2023-03-06 14:12:41,266 - matplotlib.font_manager - DEBUG - findfont: score(FontEntry(fname='/usr/local/lib/python3.8/dist-packages/matplotlib/mpl-data/fonts/ttf/DejaVuSansMono-Oblique.ttf', name='DejaVu Sans Mono', style='oblique', variant='normal', weight=400, stretch='normal', size='scalable')) = 11.05
2023-03-06 14:12:41,268 - matplotlib.font_manager - DEBUG - findfont: score(FontEntry(fname='/usr/local/lib/python3.8/dist-packages/matplotlib/mpl-data/fonts/ttf/STIXGeneralBol.ttf', name='STIXGeneral', style='normal', variant='normal', weight=700, stretch='normal', size='scalable')) = 10.335
2023-03-06 14:12:41,269 - matplotlib.font_manager - DEBUG - findfont: score(FontEntry(fname='/usr/local/lib/python3.8/dist-packages/matplotlib/mpl-data/fonts/ttf/DejaVuSerif.ttf', name='DejaVu Serif', style='normal', variant='normal', weight=400, stretch='normal', size='scalable')) = 10.05
2023-03-06 14:12:41,270 - matplotlib.font_manager - DEBUG - findfont: score(FontEntry(fname='/usr/local/lib/python3.8/dist-packages/matplotlib/mpl-data/fonts/ttf/STIXSizFiveSymReg.ttf', name='STIXSizeFiveSym', style='normal', variant='normal', weight=400, stretch='normal', size='scalable')) = 10.05
2023-03-06 14:12:41,271 - matplotlib.font_manager - DEBUG - findfont: score(FontEntry(fname='/usr/local/lib/python3.8/dist-packages/matplotlib/mpl-data/fonts/ttf/DejaVuSansDisplay.ttf', name='DejaVu Sans Display', style='normal', variant='normal', weight=400, stretch='normal', size='scalable')) = 10.05
2023-03-06 14:12:41,272 - matplotlib.font_manager - DEBUG - findfont: score(FontEntry(fname='/usr/local/lib/python3.8/dist-packages/matplotlib/mpl-data/fonts/ttf/DejaVuSansMono.ttf', name='DejaVu Sans Mono', style='normal', variant='normal', weight=400, stretch='normal', size='scalable')) = 10.05
2023-03-06 14:12:41,274 - matplotlib.font_manager - DEBUG - findfont: score(FontEntry(fname='/usr/local/lib/python3.8/dist-packages/matplotlib/mpl-data/fonts/ttf/STIXGeneralBolIta.ttf', name='STIXGeneral', style='italic', variant='normal', weight=700, stretch='normal', size='scalable')) = 11.335
2023-03-06 14:12:41,275 - matplotlib.font_manager - DEBUG - findfont: score(FontEntry(fname='/usr/local/lib/python3.8/dist-packages/matplotlib/mpl-data/fonts/ttf/cmmi10.ttf', name='cmmi10', style='normal', variant='normal', weight=400, stretch='normal', size='scalable')) = 10.05
2023-03-06 14:12:41,276 - matplotlib.font_manager - DEBUG - findfont: score(FontEntry(fname='/usr/local/lib/python3.8/dist-packages/matplotlib/mpl-data/fonts/ttf/STIXSizTwoSymBol.ttf', name='STIXSizeTwoSym', style='normal', variant='normal', weight=700, stretch='normal', size='scalable')) = 10.335
2023-03-06 14:12:41,277 - matplotlib.font_manager - DEBUG - findfont: score(FontEntry(fname='/usr/local/lib/python3.8/dist-packages/matplotlib/mpl-data/fonts/ttf/DejaVuSans-BoldOblique.ttf', name='DejaVu Sans', style='oblique', variant='normal', weight=700, stretch='normal', size='scalable')) = 1.335
2023-03-06 14:12:41,278 - matplotlib.font_manager - DEBUG - findfont: score(FontEntry(fname='/usr/local/lib/python3.8/dist-packages/matplotlib/mpl-data/fonts/ttf/cmtt10.ttf', name='cmtt10', style='normal', variant='normal', weight=400, stretch='normal', size='scalable')) = 10.05
2023-03-06 14:12:41,279 - matplotlib.font_manager - DEBUG - findfont: score(FontEntry(fname='/usr/local/lib/python3.8/dist-packages/matplotlib/mpl-data/fonts/ttf/STIXSizOneSymBol.ttf', name='STIXSizeOneSym', style='normal', variant='normal', weight=700, stretch='normal', size='scalable')) = 10.335
2023-03-06 14:12:41,281 - matplotlib.font_manager - DEBUG - findfont: score(FontEntry(fname='/usr/local/lib/python3.8/dist-packages/matplotlib/mpl-data/fonts/ttf/cmb10.ttf', name='cmb10', style='normal', variant='normal', weight=400, stretch='normal', size='scalable')) = 10.05
2023-03-06 14:12:41,282 - matplotlib.font_manager - DEBUG - findfont: score(FontEntry(fname='/usr/local/lib/python3.8/dist-packages/matplotlib/mpl-data/fonts/ttf/DejaVuSans.ttf', name='DejaVu Sans', style='normal', variant='normal', weight=400, stretch='normal', size='scalable')) = 0.05
2023-03-06 14:12:41,283 - matplotlib.font_manager - DEBUG - findfont: score(FontEntry(fname='/usr/local/lib/python3.8/dist-packages/matplotlib/mpl-data/fonts/ttf/STIXSizOneSymReg.ttf', name='STIXSizeOneSym', style='normal', variant='normal', weight=400, stretch='normal', size='scalable')) = 10.05
2023-03-06 14:12:41,284 - matplotlib.font_manager - DEBUG - findfont: score(FontEntry(fname='/usr/local/lib/python3.8/dist-packages/matplotlib/mpl-data/fonts/ttf/STIXNonUni.ttf', name='STIXNonUnicode', style='normal', variant='normal', weight=400, stretch='normal', size='scalable')) = 10.05
2023-03-06 14:12:41,285 - matplotlib.font_manager - DEBUG - findfont: score(FontEntry(fname='/usr/local/lib/python3.8/dist-packages/matplotlib/mpl-data/fonts/ttf/DejaVuSans-Oblique.ttf', name='DejaVu Sans', style='oblique', variant='normal', weight=400, stretch='normal', size='scalable')) = 1.05
2023-03-06 14:12:41,286 - matplotlib.font_manager - DEBUG - findfont: score(FontEntry(fname='/usr/local/lib/python3.8/dist-packages/matplotlib/mpl-data/fonts/ttf/STIXSizTwoSymReg.ttf', name='STIXSizeTwoSym', style='normal', variant='normal', weight=400, stretch='normal', size='scalable')) = 10.05
2023-03-06 14:12:41,288 - matplotlib.font_manager - DEBUG - findfont: score(FontEntry(fname='/usr/local/lib/python3.8/dist-packages/matplotlib/mpl-data/fonts/ttf/STIXGeneral.ttf', name='STIXGeneral', style='normal', variant='normal', weight=400, stretch='normal', size='scalable')) = 10.05
2023-03-06 14:12:41,289 - matplotlib.font_manager - DEBUG - findfont: score(FontEntry(fname='/usr/local/lib/python3.8/dist-packages/matplotlib/mpl-data/fonts/ttf/DejaVuSans-Bold.ttf', name='DejaVu Sans', style='normal', variant='normal', weight=700, stretch='normal', size='scalable')) = 0.33499999999999996
2023-03-06 14:12:41,290 - matplotlib.font_manager - DEBUG - findfont: score(FontEntry(fname='/usr/local/lib/python3.8/dist-packages/matplotlib/mpl-data/fonts/ttf/DejaVuSerif-Italic.ttf', name='DejaVu Serif', style='italic', variant='normal', weight=400, stretch='normal', size='scalable')) = 11.05
2023-03-06 14:12:41,291 - matplotlib.font_manager - DEBUG - findfont: score(FontEntry(fname='/usr/local/lib/python3.8/dist-packages/matplotlib/mpl-data/fonts/ttf/DejaVuSansMono-BoldOblique.ttf', name='DejaVu Sans Mono', style='oblique', variant='normal', weight=700, stretch='normal', size='scalable')) = 11.335
2023-03-06 14:12:41,292 - matplotlib.font_manager - DEBUG - findfont: score(FontEntry(fname='/usr/local/lib/python3.8/dist-packages/matplotlib/mpl-data/fonts/ttf/cmex10.ttf', name='cmex10', style='normal', variant='normal', weight=400, stretch='normal', size='scalable')) = 10.05
2023-03-06 14:12:41,293 - matplotlib.font_manager - DEBUG - findfont: score(FontEntry(fname='/usr/local/lib/python3.8/dist-packages/matplotlib/mpl-data/fonts/ttf/STIXNonUniBol.ttf', name='STIXNonUnicode', style='normal', variant='normal', weight=700, stretch='normal', size='scalable')) = 10.335
2023-03-06 14:12:41,294 - matplotlib.font_manager - DEBUG - findfont: score(FontEntry(fname='/usr/local/lib/python3.8/dist-packages/matplotlib/mpl-data/fonts/ttf/STIXSizFourSymReg.ttf', name='STIXSizeFourSym', style='normal', variant='normal', weight=400, stretch='normal', size='scalable')) = 10.05
2023-03-06 14:12:41,295 - matplotlib.font_manager - DEBUG - findfont: score(FontEntry(fname='/usr/local/lib/python3.8/dist-packages/matplotlib/mpl-data/fonts/ttf/STIXNonUniBolIta.ttf', name='STIXNonUnicode', style='italic', variant='normal', weight=700, stretch='normal', size='scalable')) = 11.335
2023-03-06 14:12:41,297 - matplotlib.font_manager - DEBUG - findfont: score(FontEntry(fname='/usr/share/fonts/truetype/liberation/LiberationMono-Italic.ttf', name='Liberation Mono', style='italic', variant='normal', weight=400, stretch='normal', size='scalable')) = 11.05
2023-03-06 14:12:41,298 - matplotlib.font_manager - DEBUG - findfont: score(FontEntry(fname='/usr/share/fonts/truetype/liberation/LiberationMono-BoldItalic.ttf', name='Liberation Mono', style='italic', variant='normal', weight=700, stretch='normal', size='scalable')) = 11.335
2023-03-06 14:12:41,299 - matplotlib.font_manager - DEBUG - findfont: score(FontEntry(fname='/usr/share/fonts/truetype/liberation/LiberationMono-Bold.ttf', name='Liberation Mono', style='normal', variant='normal', weight=700, stretch='normal', size='scalable')) = 10.335
2023-03-06 14:12:41,300 - matplotlib.font_manager - DEBUG - findfont: score(FontEntry(fname='/usr/share/fonts/truetype/liberation/LiberationSerif-BoldItalic.ttf', name='Liberation Serif', style='italic', variant='normal', weight=700, stretch='normal', size='scalable')) = 11.335
2023-03-06 14:12:41,301 - matplotlib.font_manager - DEBUG - findfont: score(FontEntry(fname='/usr/share/fonts/truetype/liberation/LiberationSans-Bold.ttf', name='Liberation Sans', style='normal', variant='normal', weight=700, stretch='normal', size='scalable')) = 10.335
2023-03-06 14:12:41,302 - matplotlib.font_manager - DEBUG - findfont: score(FontEntry(fname='/usr/share/fonts/truetype/liberation/LiberationSansNarrow-Regular.ttf', name='Liberation Sans Narrow', style='normal', variant='normal', weight=400, stretch='condensed', size='scalable')) = 10.25
2023-03-06 14:12:41,303 - matplotlib.font_manager - DEBUG - findfont: score(FontEntry(fname='/usr/share/fonts/truetype/humor-sans/Humor-Sans.ttf', name='Humor Sans', style='normal', variant='normal', weight=400, stretch='normal', size='scalable')) = 10.05
2023-03-06 14:12:41,305 - matplotlib.font_manager - DEBUG - findfont: score(FontEntry(fname='/usr/share/fonts/truetype/liberation/LiberationSerif-Bold.ttf', name='Liberation Serif', style='normal', variant='normal', weight=700, stretch='normal', size='scalable')) = 10.335
2023-03-06 14:12:41,306 - matplotlib.font_manager - DEBUG - findfont: score(FontEntry(fname='/usr/share/fonts/truetype/liberation/LiberationSansNarrow-Italic.ttf', name='Liberation Sans Narrow', style='italic', variant='normal', weight=400, stretch='condensed', size='scalable')) = 11.25
2023-03-06 14:12:41,307 - matplotlib.font_manager - DEBUG - findfont: score(FontEntry(fname='/usr/share/fonts/truetype/liberation/LiberationSansNarrow-BoldItalic.ttf', name='Liberation Sans Narrow', style='italic', variant='normal', weight=700, stretch='condensed', size='scalable')) = 11.535
2023-03-06 14:12:41,308 - matplotlib.font_manager - DEBUG - findfont: score(FontEntry(fname='/usr/share/fonts/truetype/liberation/LiberationMono-Regular.ttf', name='Liberation Mono', style='normal', variant='normal', weight=400, stretch='normal', size='scalable')) = 10.05
2023-03-06 14:12:41,309 - matplotlib.font_manager - DEBUG - findfont: score(FontEntry(fname='/usr/share/fonts/truetype/liberation/LiberationSans-Regular.ttf', name='Liberation Sans', style='normal', variant='normal', weight=400, stretch='normal', size='scalable')) = 10.05
2023-03-06 14:12:41,310 - matplotlib.font_manager - DEBUG - findfont: score(FontEntry(fname='/usr/share/fonts/truetype/liberation/LiberationSerif-Regular.ttf', name='Liberation Serif', style='normal', variant='normal', weight=400, stretch='normal', size='scalable')) = 10.05
2023-03-06 14:12:41,311 - matplotlib.font_manager - DEBUG - findfont: score(FontEntry(fname='/usr/share/fonts/truetype/liberation/LiberationSans-Italic.ttf', name='Liberation Sans', style='italic', variant='normal', weight=400, stretch='normal', size='scalable')) = 11.05
2023-03-06 14:12:41,312 - matplotlib.font_manager - DEBUG - findfont: score(FontEntry(fname='/usr/share/fonts/truetype/liberation/LiberationSansNarrow-Bold.ttf', name='Liberation Sans Narrow', style='normal', variant='normal', weight=700, stretch='condensed', size='scalable')) = 10.535
2023-03-06 14:12:41,313 - matplotlib.font_manager - DEBUG - findfont: score(FontEntry(fname='/usr/share/fonts/truetype/liberation/LiberationSans-BoldItalic.ttf', name='Liberation Sans', style='italic', variant='normal', weight=700, stretch='normal', size='scalable')) = 11.335
2023-03-06 14:12:41,315 - matplotlib.font_manager - DEBUG - findfont: score(FontEntry(fname='/usr/share/fonts/truetype/liberation/LiberationSerif-Italic.ttf', name='Liberation Serif', style='italic', variant='normal', weight=400, stretch='normal', size='scalable')) = 11.05
2023-03-06 14:12:41,316 - matplotlib.font_manager - DEBUG - findfont: Matching sans\-serif:style=normal:variant=normal:weight=normal:stretch=normal:size=10.0 to DejaVu Sans ('/usr/local/lib/python3.8/dist-packages/matplotlib/mpl-data/fonts/ttf/DejaVuSans.ttf') with score of 0.050000.
2023-03-06 14:12:41,506 - matplotlib.font_manager - DEBUG - findfont: Matching sans\-serif:style=normal:variant=normal:weight=normal:stretch=normal:size=11.0.
2023-03-06 14:12:41,511 - matplotlib.font_manager - DEBUG - findfont: score(FontEntry(fname='/usr/local/lib/python3.8/dist-packages/matplotlib/mpl-data/fonts/ttf/STIXNonUniIta.ttf', name='STIXNonUnicode', style='italic', variant='normal', weight=400, stretch='normal', size='scalable')) = 11.05
2023-03-06 14:12:41,514 - matplotlib.font_manager - DEBUG - findfont: score(FontEntry(fname='/usr/local/lib/python3.8/dist-packages/matplotlib/mpl-data/fonts/ttf/STIXSizFourSymBol.ttf', name='STIXSizeFourSym', style='normal', variant='normal', weight=700, stretch='normal', size='scalable')) = 10.335
2023-03-06 14:12:41,516 - matplotlib.font_manager - DEBUG - findfont: score(FontEntry(fname='/usr/local/lib/python3.8/dist-packages/matplotlib/mpl-data/fonts/ttf/DejaVuSansMono-Bold.ttf', name='DejaVu Sans Mono', style='normal', variant='normal', weight=700, stretch='normal', size='scalable')) = 10.335
2023-03-06 14:12:41,519 - matplotlib.font_manager - DEBUG - findfont: score(FontEntry(fname='/usr/local/lib/python3.8/dist-packages/matplotlib/mpl-data/fonts/ttf/DejaVuSerifDisplay.ttf', name='DejaVu Serif Display', style='normal', variant='normal', weight=400, stretch='normal', size='scalable')) = 10.05
2023-03-06 14:12:41,522 - matplotlib.font_manager - DEBUG - findfont: score(FontEntry(fname='/usr/local/lib/python3.8/dist-packages/matplotlib/mpl-data/fonts/ttf/STIXSizThreeSymReg.ttf', name='STIXSizeThreeSym', style='normal', variant='normal', weight=400, stretch='normal', size='scalable')) = 10.05
2023-03-06 14:12:41,524 - matplotlib.font_manager - DEBUG - findfont: score(FontEntry(fname='/usr/local/lib/python3.8/dist-packages/matplotlib/mpl-data/fonts/ttf/STIXGeneralItalic.ttf', name='STIXGeneral', style='italic', variant='normal', weight=400, stretch='normal', size='scalable')) = 11.05
2023-03-06 14:12:41,527 - matplotlib.font_manager - DEBUG - findfont: score(FontEntry(fname='/usr/local/lib/python3.8/dist-packages/matplotlib/mpl-data/fonts/ttf/cmsy10.ttf', name='cmsy10', style='normal', variant='normal', weight=400, stretch='normal', size='scalable')) = 10.05
2023-03-06 14:12:41,531 - matplotlib.font_manager - DEBUG - findfont: score(FontEntry(fname='/usr/local/lib/python3.8/dist-packages/matplotlib/mpl-data/fonts/ttf/cmr10.ttf', name='cmr10', style='normal', variant='normal', weight=400, stretch='normal', size='scalable')) = 10.05
2023-03-06 14:12:41,534 - matplotlib.font_manager - DEBUG - findfont: score(FontEntry(fname='/usr/local/lib/python3.8/dist-packages/matplotlib/mpl-data/fonts/ttf/DejaVuSerif-Bold.ttf', name='DejaVu Serif', style='normal', variant='normal', weight=700, stretch='normal', size='scalable')) = 10.335
2023-03-06 14:12:41,536 - matplotlib.font_manager - DEBUG - findfont: score(FontEntry(fname='/usr/local/lib/python3.8/dist-packages/matplotlib/mpl-data/fonts/ttf/DejaVuSerif-BoldItalic.ttf', name='DejaVu Serif', style='italic', variant='normal', weight=700, stretch='normal', size='scalable')) = 11.335
2023-03-06 14:12:41,538 - matplotlib.font_manager - DEBUG - findfont: score(FontEntry(fname='/usr/local/lib/python3.8/dist-packages/matplotlib/mpl-data/fonts/ttf/STIXSizThreeSymBol.ttf', name='STIXSizeThreeSym', style='normal', variant='normal', weight=700, stretch='normal', size='scalable')) = 10.335
2023-03-06 14:12:41,541 - matplotlib.font_manager - DEBUG - findfont: score(FontEntry(fname='/usr/local/lib/python3.8/dist-packages/matplotlib/mpl-data/fonts/ttf/cmss10.ttf', name='cmss10', style='normal', variant='normal', weight=400, stretch='normal', size='scalable')) = 10.05
2023-03-06 14:12:41,543 - matplotlib.font_manager - DEBUG - findfont: score(FontEntry(fname='/usr/local/lib/python3.8/dist-packages/matplotlib/mpl-data/fonts/ttf/DejaVuSansMono-Oblique.ttf', name='DejaVu Sans Mono', style='oblique', variant='normal', weight=400, stretch='normal', size='scalable')) = 11.05
2023-03-06 14:12:41,545 - matplotlib.font_manager - DEBUG - findfont: score(FontEntry(fname='/usr/local/lib/python3.8/dist-packages/matplotlib/mpl-data/fonts/ttf/STIXGeneralBol.ttf', name='STIXGeneral', style='normal', variant='normal', weight=700, stretch='normal', size='scalable')) = 10.335
2023-03-06 14:12:41,547 - matplotlib.font_manager - DEBUG - findfont: score(FontEntry(fname='/usr/local/lib/python3.8/dist-packages/matplotlib/mpl-data/fonts/ttf/DejaVuSerif.ttf', name='DejaVu Serif', style='normal', variant='normal', weight=400, stretch='normal', size='scalable')) = 10.05
2023-03-06 14:12:41,549 - matplotlib.font_manager - DEBUG - findfont: score(FontEntry(fname='/usr/local/lib/python3.8/dist-packages/matplotlib/mpl-data/fonts/ttf/STIXSizFiveSymReg.ttf', name='STIXSizeFiveSym', style='normal', variant='normal', weight=400, stretch='normal', size='scalable')) = 10.05
2023-03-06 14:12:41,551 - matplotlib.font_manager - DEBUG - findfont: score(FontEntry(fname='/usr/local/lib/python3.8/dist-packages/matplotlib/mpl-data/fonts/ttf/DejaVuSansDisplay.ttf', name='DejaVu Sans Display', style='normal', variant='normal', weight=400, stretch='normal', size='scalable')) = 10.05
2023-03-06 14:12:41,553 - matplotlib.font_manager - DEBUG - findfont: score(FontEntry(fname='/usr/local/lib/python3.8/dist-packages/matplotlib/mpl-data/fonts/ttf/DejaVuSansMono.ttf', name='DejaVu Sans Mono', style='normal', variant='normal', weight=400, stretch='normal', size='scalable')) = 10.05
2023-03-06 14:12:41,556 - matplotlib.font_manager - DEBUG - findfont: score(FontEntry(fname='/usr/local/lib/python3.8/dist-packages/matplotlib/mpl-data/fonts/ttf/STIXGeneralBolIta.ttf', name='STIXGeneral', style='italic', variant='normal', weight=700, stretch='normal', size='scalable')) = 11.335
2023-03-06 14:12:41,559 - matplotlib.font_manager - DEBUG - findfont: score(FontEntry(fname='/usr/local/lib/python3.8/dist-packages/matplotlib/mpl-data/fonts/ttf/cmmi10.ttf', name='cmmi10', style='normal', variant='normal', weight=400, stretch='normal', size='scalable')) = 10.05
2023-03-06 14:12:41,561 - matplotlib.font_manager - DEBUG - findfont: score(FontEntry(fname='/usr/local/lib/python3.8/dist-packages/matplotlib/mpl-data/fonts/ttf/STIXSizTwoSymBol.ttf', name='STIXSizeTwoSym', style='normal', variant='normal', weight=700, stretch='normal', size='scalable')) = 10.335
2023-03-06 14:12:41,563 - matplotlib.font_manager - DEBUG - findfont: score(FontEntry(fname='/usr/local/lib/python3.8/dist-packages/matplotlib/mpl-data/fonts/ttf/DejaVuSans-BoldOblique.ttf', name='DejaVu Sans', style='oblique', variant='normal', weight=700, stretch='normal', size='scalable')) = 1.335
2023-03-06 14:12:41,566 - matplotlib.font_manager - DEBUG - findfont: score(FontEntry(fname='/usr/local/lib/python3.8/dist-packages/matplotlib/mpl-data/fonts/ttf/cmtt10.ttf', name='cmtt10', style='normal', variant='normal', weight=400, stretch='normal', size='scalable')) = 10.05
2023-03-06 14:12:41,575 - matplotlib.font_manager - DEBUG - findfont: score(FontEntry(fname='/usr/local/lib/python3.8/dist-packages/matplotlib/mpl-data/fonts/ttf/STIXSizOneSymBol.ttf', name='STIXSizeOneSym', style='normal', variant='normal', weight=700, stretch='normal', size='scalable')) = 10.335
2023-03-06 14:12:41,576 - matplotlib.font_manager - DEBUG - findfont: score(FontEntry(fname='/usr/local/lib/python3.8/dist-packages/matplotlib/mpl-data/fonts/ttf/cmb10.ttf', name='cmb10', style='normal', variant='normal', weight=400, stretch='normal', size='scalable')) = 10.05
2023-03-06 14:12:41,577 - matplotlib.font_manager - DEBUG - findfont: score(FontEntry(fname='/usr/local/lib/python3.8/dist-packages/matplotlib/mpl-data/fonts/ttf/DejaVuSans.ttf', name='DejaVu Sans', style='normal', variant='normal', weight=400, stretch='normal', size='scalable')) = 0.05
2023-03-06 14:12:41,581 - matplotlib.font_manager - DEBUG - findfont: score(FontEntry(fname='/usr/local/lib/python3.8/dist-packages/matplotlib/mpl-data/fonts/ttf/STIXSizOneSymReg.ttf', name='STIXSizeOneSym', style='normal', variant='normal', weight=400, stretch='normal', size='scalable')) = 10.05
2023-03-06 14:12:41,583 - matplotlib.font_manager - DEBUG - findfont: score(FontEntry(fname='/usr/local/lib/python3.8/dist-packages/matplotlib/mpl-data/fonts/ttf/STIXNonUni.ttf', name='STIXNonUnicode', style='normal', variant='normal', weight=400, stretch='normal', size='scalable')) = 10.05
2023-03-06 14:12:41,584 - matplotlib.font_manager - DEBUG - findfont: score(FontEntry(fname='/usr/local/lib/python3.8/dist-packages/matplotlib/mpl-data/fonts/ttf/DejaVuSans-Oblique.ttf', name='DejaVu Sans', style='oblique', variant='normal', weight=400, stretch='normal', size='scalable')) = 1.05
2023-03-06 14:12:41,585 - matplotlib.font_manager - DEBUG - findfont: score(FontEntry(fname='/usr/local/lib/python3.8/dist-packages/matplotlib/mpl-data/fonts/ttf/STIXSizTwoSymReg.ttf', name='STIXSizeTwoSym', style='normal', variant='normal', weight=400, stretch='normal', size='scalable')) = 10.05
2023-03-06 14:12:41,586 - matplotlib.font_manager - DEBUG - findfont: score(FontEntry(fname='/usr/local/lib/python3.8/dist-packages/matplotlib/mpl-data/fonts/ttf/STIXGeneral.ttf', name='STIXGeneral', style='normal', variant='normal', weight=400, stretch='normal', size='scalable')) = 10.05
2023-03-06 14:12:41,587 - matplotlib.font_manager - DEBUG - findfont: score(FontEntry(fname='/usr/local/lib/python3.8/dist-packages/matplotlib/mpl-data/fonts/ttf/DejaVuSans-Bold.ttf', name='DejaVu Sans', style='normal', variant='normal', weight=700, stretch='normal', size='scalable')) = 0.33499999999999996
2023-03-06 14:12:41,588 - matplotlib.font_manager - DEBUG - findfont: score(FontEntry(fname='/usr/local/lib/python3.8/dist-packages/matplotlib/mpl-data/fonts/ttf/DejaVuSerif-Italic.ttf', name='DejaVu Serif', style='italic', variant='normal', weight=400, stretch='normal', size='scalable')) = 11.05
2023-03-06 14:12:41,589 - matplotlib.font_manager - DEBUG - findfont: score(FontEntry(fname='/usr/local/lib/python3.8/dist-packages/matplotlib/mpl-data/fonts/ttf/DejaVuSansMono-BoldOblique.ttf', name='DejaVu Sans Mono', style='oblique', variant='normal', weight=700, stretch='normal', size='scalable')) = 11.335
2023-03-06 14:12:41,590 - matplotlib.font_manager - DEBUG - findfont: score(FontEntry(fname='/usr/local/lib/python3.8/dist-packages/matplotlib/mpl-data/fonts/ttf/cmex10.ttf', name='cmex10', style='normal', variant='normal', weight=400, stretch='normal', size='scalable')) = 10.05
2023-03-06 14:12:41,592 - matplotlib.font_manager - DEBUG - findfont: score(FontEntry(fname='/usr/local/lib/python3.8/dist-packages/matplotlib/mpl-data/fonts/ttf/STIXNonUniBol.ttf', name='STIXNonUnicode', style='normal', variant='normal', weight=700, stretch='normal', size='scalable')) = 10.335
2023-03-06 14:12:41,593 - matplotlib.font_manager - DEBUG - findfont: score(FontEntry(fname='/usr/local/lib/python3.8/dist-packages/matplotlib/mpl-data/fonts/ttf/STIXSizFourSymReg.ttf', name='STIXSizeFourSym', style='normal', variant='normal', weight=400, stretch='normal', size='scalable')) = 10.05
2023-03-06 14:12:41,594 - matplotlib.font_manager - DEBUG - findfont: score(FontEntry(fname='/usr/local/lib/python3.8/dist-packages/matplotlib/mpl-data/fonts/ttf/STIXNonUniBolIta.ttf', name='STIXNonUnicode', style='italic', variant='normal', weight=700, stretch='normal', size='scalable')) = 11.335
2023-03-06 14:12:41,595 - matplotlib.font_manager - DEBUG - findfont: score(FontEntry(fname='/usr/share/fonts/truetype/liberation/LiberationMono-Italic.ttf', name='Liberation Mono', style='italic', variant='normal', weight=400, stretch='normal', size='scalable')) = 11.05
2023-03-06 14:12:41,596 - matplotlib.font_manager - DEBUG - findfont: score(FontEntry(fname='/usr/share/fonts/truetype/liberation/LiberationMono-BoldItalic.ttf', name='Liberation Mono', style='italic', variant='normal', weight=700, stretch='normal', size='scalable')) = 11.335
2023-03-06 14:12:41,598 - matplotlib.font_manager - DEBUG - findfont: score(FontEntry(fname='/usr/share/fonts/truetype/liberation/LiberationMono-Bold.ttf', name='Liberation Mono', style='normal', variant='normal', weight=700, stretch='normal', size='scalable')) = 10.335
2023-03-06 14:12:41,599 - matplotlib.font_manager - DEBUG - findfont: score(FontEntry(fname='/usr/share/fonts/truetype/liberation/LiberationSerif-BoldItalic.ttf', name='Liberation Serif', style='italic', variant='normal', weight=700, stretch='normal', size='scalable')) = 11.335
2023-03-06 14:12:41,600 - matplotlib.font_manager - DEBUG - findfont: score(FontEntry(fname='/usr/share/fonts/truetype/liberation/LiberationSans-Bold.ttf', name='Liberation Sans', style='normal', variant='normal', weight=700, stretch='normal', size='scalable')) = 10.335
2023-03-06 14:12:41,601 - matplotlib.font_manager - DEBUG - findfont: score(FontEntry(fname='/usr/share/fonts/truetype/liberation/LiberationSansNarrow-Regular.ttf', name='Liberation Sans Narrow', style='normal', variant='normal', weight=400, stretch='condensed', size='scalable')) = 10.25
2023-03-06 14:12:41,602 - matplotlib.font_manager - DEBUG - findfont: score(FontEntry(fname='/usr/share/fonts/truetype/humor-sans/Humor-Sans.ttf', name='Humor Sans', style='normal', variant='normal', weight=400, stretch='normal', size='scalable')) = 10.05
2023-03-06 14:12:41,604 - matplotlib.font_manager - DEBUG - findfont: score(FontEntry(fname='/usr/share/fonts/truetype/liberation/LiberationSerif-Bold.ttf', name='Liberation Serif', style='normal', variant='normal', weight=700, stretch='normal', size='scalable')) = 10.335
2023-03-06 14:12:41,605 - matplotlib.font_manager - DEBUG - findfont: score(FontEntry(fname='/usr/share/fonts/truetype/liberation/LiberationSansNarrow-Italic.ttf', name='Liberation Sans Narrow', style='italic', variant='normal', weight=400, stretch='condensed', size='scalable')) = 11.25
2023-03-06 14:12:41,606 - matplotlib.font_manager - DEBUG - findfont: score(FontEntry(fname='/usr/share/fonts/truetype/liberation/LiberationSansNarrow-BoldItalic.ttf', name='Liberation Sans Narrow', style='italic', variant='normal', weight=700, stretch='condensed', size='scalable')) = 11.535
2023-03-06 14:12:41,607 - matplotlib.font_manager - DEBUG - findfont: score(FontEntry(fname='/usr/share/fonts/truetype/liberation/LiberationMono-Regular.ttf', name='Liberation Mono', style='normal', variant='normal', weight=400, stretch='normal', size='scalable')) = 10.05
2023-03-06 14:12:41,608 - matplotlib.font_manager - DEBUG - findfont: score(FontEntry(fname='/usr/share/fonts/truetype/liberation/LiberationSans-Regular.ttf', name='Liberation Sans', style='normal', variant='normal', weight=400, stretch='normal', size='scalable')) = 10.05
2023-03-06 14:12:41,609 - matplotlib.font_manager - DEBUG - findfont: score(FontEntry(fname='/usr/share/fonts/truetype/liberation/LiberationSerif-Regular.ttf', name='Liberation Serif', style='normal', variant='normal', weight=400, stretch='normal', size='scalable')) = 10.05
2023-03-06 14:12:41,611 - matplotlib.font_manager - DEBUG - findfont: score(FontEntry(fname='/usr/share/fonts/truetype/liberation/LiberationSans-Italic.ttf', name='Liberation Sans', style='italic', variant='normal', weight=400, stretch='normal', size='scalable')) = 11.05
2023-03-06 14:12:41,612 - matplotlib.font_manager - DEBUG - findfont: score(FontEntry(fname='/usr/share/fonts/truetype/liberation/LiberationSansNarrow-Bold.ttf', name='Liberation Sans Narrow', style='normal', variant='normal', weight=700, stretch='condensed', size='scalable')) = 10.535
2023-03-06 14:12:41,613 - matplotlib.font_manager - DEBUG - findfont: score(FontEntry(fname='/usr/share/fonts/truetype/liberation/LiberationSans-BoldItalic.ttf', name='Liberation Sans', style='italic', variant='normal', weight=700, stretch='normal', size='scalable')) = 11.335
2023-03-06 14:12:41,614 - matplotlib.font_manager - DEBUG - findfont: score(FontEntry(fname='/usr/share/fonts/truetype/liberation/LiberationSerif-Italic.ttf', name='Liberation Serif', style='italic', variant='normal', weight=400, stretch='normal', size='scalable')) = 11.05
2023-03-06 14:12:41,615 - matplotlib.font_manager - DEBUG - findfont: Matching sans\-serif:style=normal:variant=normal:weight=normal:stretch=normal:size=11.0 to DejaVu Sans ('/usr/local/lib/python3.8/dist-packages/matplotlib/mpl-data/fonts/ttf/DejaVuSans.ttf') with score of 0.050000.
2023-03-06 14:12:41,639 - matplotlib.font_manager - DEBUG - findfont: Matching sans\-serif:style=normal:variant=normal:weight=normal:stretch=normal:size=12.0.
2023-03-06 14:12:41,645 - matplotlib.font_manager - DEBUG - findfont: score(FontEntry(fname='/usr/local/lib/python3.8/dist-packages/matplotlib/mpl-data/fonts/ttf/STIXNonUniIta.ttf', name='STIXNonUnicode', style='italic', variant='normal', weight=400, stretch='normal', size='scalable')) = 11.05
2023-03-06 14:12:41,647 - matplotlib.font_manager - DEBUG - findfont: score(FontEntry(fname='/usr/local/lib/python3.8/dist-packages/matplotlib/mpl-data/fonts/ttf/STIXSizFourSymBol.ttf', name='STIXSizeFourSym', style='normal', variant='normal', weight=700, stretch='normal', size='scalable')) = 10.335
2023-03-06 14:12:41,648 - matplotlib.font_manager - DEBUG - findfont: score(FontEntry(fname='/usr/local/lib/python3.8/dist-packages/matplotlib/mpl-data/fonts/ttf/DejaVuSansMono-Bold.ttf', name='DejaVu Sans Mono', style='normal', variant='normal', weight=700, stretch='normal', size='scalable')) = 10.335
2023-03-06 14:12:41,649 - matplotlib.font_manager - DEBUG - findfont: score(FontEntry(fname='/usr/local/lib/python3.8/dist-packages/matplotlib/mpl-data/fonts/ttf/DejaVuSerifDisplay.ttf', name='DejaVu Serif Display', style='normal', variant='normal', weight=400, stretch='normal', size='scalable')) = 10.05
2023-03-06 14:12:41,651 - matplotlib.font_manager - DEBUG - findfont: score(FontEntry(fname='/usr/local/lib/python3.8/dist-packages/matplotlib/mpl-data/fonts/ttf/STIXSizThreeSymReg.ttf', name='STIXSizeThreeSym', style='normal', variant='normal', weight=400, stretch='normal', size='scalable')) = 10.05
2023-03-06 14:12:41,653 - matplotlib.font_manager - DEBUG - findfont: score(FontEntry(fname='/usr/local/lib/python3.8/dist-packages/matplotlib/mpl-data/fonts/ttf/STIXGeneralItalic.ttf', name='STIXGeneral', style='italic', variant='normal', weight=400, stretch='normal', size='scalable')) = 11.05
2023-03-06 14:12:41,654 - matplotlib.font_manager - DEBUG - findfont: score(FontEntry(fname='/usr/local/lib/python3.8/dist-packages/matplotlib/mpl-data/fonts/ttf/cmsy10.ttf', name='cmsy10', style='normal', variant='normal', weight=400, stretch='normal', size='scalable')) = 10.05
2023-03-06 14:12:41,655 - matplotlib.font_manager - DEBUG - findfont: score(FontEntry(fname='/usr/local/lib/python3.8/dist-packages/matplotlib/mpl-data/fonts/ttf/cmr10.ttf', name='cmr10', style='normal', variant='normal', weight=400, stretch='normal', size='scalable')) = 10.05
2023-03-06 14:12:41,657 - matplotlib.font_manager - DEBUG - findfont: score(FontEntry(fname='/usr/local/lib/python3.8/dist-packages/matplotlib/mpl-data/fonts/ttf/DejaVuSerif-Bold.ttf', name='DejaVu Serif', style='normal', variant='normal', weight=700, stretch='normal', size='scalable')) = 10.335
2023-03-06 14:12:41,658 - matplotlib.font_manager - DEBUG - findfont: score(FontEntry(fname='/usr/local/lib/python3.8/dist-packages/matplotlib/mpl-data/fonts/ttf/DejaVuSerif-BoldItalic.ttf', name='DejaVu Serif', style='italic', variant='normal', weight=700, stretch='normal', size='scalable')) = 11.335
2023-03-06 14:12:41,660 - matplotlib.font_manager - DEBUG - findfont: score(FontEntry(fname='/usr/local/lib/python3.8/dist-packages/matplotlib/mpl-data/fonts/ttf/STIXSizThreeSymBol.ttf', name='STIXSizeThreeSym', style='normal', variant='normal', weight=700, stretch='normal', size='scalable')) = 10.335
2023-03-06 14:12:41,661 - matplotlib.font_manager - DEBUG - findfont: score(FontEntry(fname='/usr/local/lib/python3.8/dist-packages/matplotlib/mpl-data/fonts/ttf/cmss10.ttf', name='cmss10', style='normal', variant='normal', weight=400, stretch='normal', size='scalable')) = 10.05
2023-03-06 14:12:41,662 - matplotlib.font_manager - DEBUG - findfont: score(FontEntry(fname='/usr/local/lib/python3.8/dist-packages/matplotlib/mpl-data/fonts/ttf/DejaVuSansMono-Oblique.ttf', name='DejaVu Sans Mono', style='oblique', variant='normal', weight=400, stretch='normal', size='scalable')) = 11.05
2023-03-06 14:12:41,665 - matplotlib.font_manager - DEBUG - findfont: score(FontEntry(fname='/usr/local/lib/python3.8/dist-packages/matplotlib/mpl-data/fonts/ttf/STIXGeneralBol.ttf', name='STIXGeneral', style='normal', variant='normal', weight=700, stretch='normal', size='scalable')) = 10.335
2023-03-06 14:12:41,667 - matplotlib.font_manager - DEBUG - findfont: score(FontEntry(fname='/usr/local/lib/python3.8/dist-packages/matplotlib/mpl-data/fonts/ttf/DejaVuSerif.ttf', name='DejaVu Serif', style='normal', variant='normal', weight=400, stretch='normal', size='scalable')) = 10.05
2023-03-06 14:12:41,668 - matplotlib.font_manager - DEBUG - findfont: score(FontEntry(fname='/usr/local/lib/python3.8/dist-packages/matplotlib/mpl-data/fonts/ttf/STIXSizFiveSymReg.ttf', name='STIXSizeFiveSym', style='normal', variant='normal', weight=400, stretch='normal', size='scalable')) = 10.05
2023-03-06 14:12:41,669 - matplotlib.font_manager - DEBUG - findfont: score(FontEntry(fname='/usr/local/lib/python3.8/dist-packages/matplotlib/mpl-data/fonts/ttf/DejaVuSansDisplay.ttf', name='DejaVu Sans Display', style='normal', variant='normal', weight=400, stretch='normal', size='scalable')) = 10.05
2023-03-06 14:12:41,670 - matplotlib.font_manager - DEBUG - findfont: score(FontEntry(fname='/usr/local/lib/python3.8/dist-packages/matplotlib/mpl-data/fonts/ttf/DejaVuSansMono.ttf', name='DejaVu Sans Mono', style='normal', variant='normal', weight=400, stretch='normal', size='scalable')) = 10.05
2023-03-06 14:12:41,672 - matplotlib.font_manager - DEBUG - findfont: score(FontEntry(fname='/usr/local/lib/python3.8/dist-packages/matplotlib/mpl-data/fonts/ttf/STIXGeneralBolIta.ttf', name='STIXGeneral', style='italic', variant='normal', weight=700, stretch='normal', size='scalable')) = 11.335
2023-03-06 14:12:41,673 - matplotlib.font_manager - DEBUG - findfont: score(FontEntry(fname='/usr/local/lib/python3.8/dist-packages/matplotlib/mpl-data/fonts/ttf/cmmi10.ttf', name='cmmi10', style='normal', variant='normal', weight=400, stretch='normal', size='scalable')) = 10.05
2023-03-06 14:12:41,674 - matplotlib.font_manager - DEBUG - findfont: score(FontEntry(fname='/usr/local/lib/python3.8/dist-packages/matplotlib/mpl-data/fonts/ttf/STIXSizTwoSymBol.ttf', name='STIXSizeTwoSym', style='normal', variant='normal', weight=700, stretch='normal', size='scalable')) = 10.335
2023-03-06 14:12:41,675 - matplotlib.font_manager - DEBUG - findfont: score(FontEntry(fname='/usr/local/lib/python3.8/dist-packages/matplotlib/mpl-data/fonts/ttf/DejaVuSans-BoldOblique.ttf', name='DejaVu Sans', style='oblique', variant='normal', weight=700, stretch='normal', size='scalable')) = 1.335
2023-03-06 14:12:41,676 - matplotlib.font_manager - DEBUG - findfont: score(FontEntry(fname='/usr/local/lib/python3.8/dist-packages/matplotlib/mpl-data/fonts/ttf/cmtt10.ttf', name='cmtt10', style='normal', variant='normal', weight=400, stretch='normal', size='scalable')) = 10.05
2023-03-06 14:12:41,677 - matplotlib.font_manager - DEBUG - findfont: score(FontEntry(fname='/usr/local/lib/python3.8/dist-packages/matplotlib/mpl-data/fonts/ttf/STIXSizOneSymBol.ttf', name='STIXSizeOneSym', style='normal', variant='normal', weight=700, stretch='normal', size='scalable')) = 10.335
2023-03-06 14:12:41,678 - matplotlib.font_manager - DEBUG - findfont: score(FontEntry(fname='/usr/local/lib/python3.8/dist-packages/matplotlib/mpl-data/fonts/ttf/cmb10.ttf', name='cmb10', style='normal', variant='normal', weight=400, stretch='normal', size='scalable')) = 10.05
2023-03-06 14:12:41,680 - matplotlib.font_manager - DEBUG - findfont: score(FontEntry(fname='/usr/local/lib/python3.8/dist-packages/matplotlib/mpl-data/fonts/ttf/DejaVuSans.ttf', name='DejaVu Sans', style='normal', variant='normal', weight=400, stretch='normal', size='scalable')) = 0.05
2023-03-06 14:12:41,681 - matplotlib.font_manager - DEBUG - findfont: score(FontEntry(fname='/usr/local/lib/python3.8/dist-packages/matplotlib/mpl-data/fonts/ttf/STIXSizOneSymReg.ttf', name='STIXSizeOneSym', style='normal', variant='normal', weight=400, stretch='normal', size='scalable')) = 10.05
2023-03-06 14:12:41,682 - matplotlib.font_manager - DEBUG - findfont: score(FontEntry(fname='/usr/local/lib/python3.8/dist-packages/matplotlib/mpl-data/fonts/ttf/STIXNonUni.ttf', name='STIXNonUnicode', style='normal', variant='normal', weight=400, stretch='normal', size='scalable')) = 10.05
2023-03-06 14:12:41,683 - matplotlib.font_manager - DEBUG - findfont: score(FontEntry(fname='/usr/local/lib/python3.8/dist-packages/matplotlib/mpl-data/fonts/ttf/DejaVuSans-Oblique.ttf', name='DejaVu Sans', style='oblique', variant='normal', weight=400, stretch='normal', size='scalable')) = 1.05
2023-03-06 14:12:41,684 - matplotlib.font_manager - DEBUG - findfont: score(FontEntry(fname='/usr/local/lib/python3.8/dist-packages/matplotlib/mpl-data/fonts/ttf/STIXSizTwoSymReg.ttf', name='STIXSizeTwoSym', style='normal', variant='normal', weight=400, stretch='normal', size='scalable')) = 10.05
2023-03-06 14:12:41,686 - matplotlib.font_manager - DEBUG - findfont: score(FontEntry(fname='/usr/local/lib/python3.8/dist-packages/matplotlib/mpl-data/fonts/ttf/STIXGeneral.ttf', name='STIXGeneral', style='normal', variant='normal', weight=400, stretch='normal', size='scalable')) = 10.05
2023-03-06 14:12:41,687 - matplotlib.font_manager - DEBUG - findfont: score(FontEntry(fname='/usr/local/lib/python3.8/dist-packages/matplotlib/mpl-data/fonts/ttf/DejaVuSans-Bold.ttf', name='DejaVu Sans', style='normal', variant='normal', weight=700, stretch='normal', size='scalable')) = 0.33499999999999996
2023-03-06 14:12:41,688 - matplotlib.font_manager - DEBUG - findfont: score(FontEntry(fname='/usr/local/lib/python3.8/dist-packages/matplotlib/mpl-data/fonts/ttf/DejaVuSerif-Italic.ttf', name='DejaVu Serif', style='italic', variant='normal', weight=400, stretch='normal', size='scalable')) = 11.05
2023-03-06 14:12:41,689 - matplotlib.font_manager - DEBUG - findfont: score(FontEntry(fname='/usr/local/lib/python3.8/dist-packages/matplotlib/mpl-data/fonts/ttf/DejaVuSansMono-BoldOblique.ttf', name='DejaVu Sans Mono', style='oblique', variant='normal', weight=700, stretch='normal', size='scalable')) = 11.335
2023-03-06 14:12:41,690 - matplotlib.font_manager - DEBUG - findfont: score(FontEntry(fname='/usr/local/lib/python3.8/dist-packages/matplotlib/mpl-data/fonts/ttf/cmex10.ttf', name='cmex10', style='normal', variant='normal', weight=400, stretch='normal', size='scalable')) = 10.05
2023-03-06 14:12:41,691 - matplotlib.font_manager - DEBUG - findfont: score(FontEntry(fname='/usr/local/lib/python3.8/dist-packages/matplotlib/mpl-data/fonts/ttf/STIXNonUniBol.ttf', name='STIXNonUnicode', style='normal', variant='normal', weight=700, stretch='normal', size='scalable')) = 10.335
2023-03-06 14:12:41,692 - matplotlib.font_manager - DEBUG - findfont: score(FontEntry(fname='/usr/local/lib/python3.8/dist-packages/matplotlib/mpl-data/fonts/ttf/STIXSizFourSymReg.ttf', name='STIXSizeFourSym', style='normal', variant='normal', weight=400, stretch='normal', size='scalable')) = 10.05
2023-03-06 14:12:41,693 - matplotlib.font_manager - DEBUG - findfont: score(FontEntry(fname='/usr/local/lib/python3.8/dist-packages/matplotlib/mpl-data/fonts/ttf/STIXNonUniBolIta.ttf', name='STIXNonUnicode', style='italic', variant='normal', weight=700, stretch='normal', size='scalable')) = 11.335
2023-03-06 14:12:41,694 - matplotlib.font_manager - DEBUG - findfont: score(FontEntry(fname='/usr/share/fonts/truetype/liberation/LiberationMono-Italic.ttf', name='Liberation Mono', style='italic', variant='normal', weight=400, stretch='normal', size='scalable')) = 11.05
2023-03-06 14:12:41,695 - matplotlib.font_manager - DEBUG - findfont: score(FontEntry(fname='/usr/share/fonts/truetype/liberation/LiberationMono-BoldItalic.ttf', name='Liberation Mono', style='italic', variant='normal', weight=700, stretch='normal', size='scalable')) = 11.335
2023-03-06 14:12:41,696 - matplotlib.font_manager - DEBUG - findfont: score(FontEntry(fname='/usr/share/fonts/truetype/liberation/LiberationMono-Bold.ttf', name='Liberation Mono', style='normal', variant='normal', weight=700, stretch='normal', size='scalable')) = 10.335
2023-03-06 14:12:41,698 - matplotlib.font_manager - DEBUG - findfont: score(FontEntry(fname='/usr/share/fonts/truetype/liberation/LiberationSerif-BoldItalic.ttf', name='Liberation Serif', style='italic', variant='normal', weight=700, stretch='normal', size='scalable')) = 11.335
2023-03-06 14:12:41,699 - matplotlib.font_manager - DEBUG - findfont: score(FontEntry(fname='/usr/share/fonts/truetype/liberation/LiberationSans-Bold.ttf', name='Liberation Sans', style='normal', variant='normal', weight=700, stretch='normal', size='scalable')) = 10.335
2023-03-06 14:12:41,700 - matplotlib.font_manager - DEBUG - findfont: score(FontEntry(fname='/usr/share/fonts/truetype/liberation/LiberationSansNarrow-Regular.ttf', name='Liberation Sans Narrow', style='normal', variant='normal', weight=400, stretch='condensed', size='scalable')) = 10.25
2023-03-06 14:12:41,701 - matplotlib.font_manager - DEBUG - findfont: score(FontEntry(fname='/usr/share/fonts/truetype/humor-sans/Humor-Sans.ttf', name='Humor Sans', style='normal', variant='normal', weight=400, stretch='normal', size='scalable')) = 10.05
2023-03-06 14:12:41,702 - matplotlib.font_manager - DEBUG - findfont: score(FontEntry(fname='/usr/share/fonts/truetype/liberation/LiberationSerif-Bold.ttf', name='Liberation Serif', style='normal', variant='normal', weight=700, stretch='normal', size='scalable')) = 10.335
2023-03-06 14:12:41,703 - matplotlib.font_manager - DEBUG - findfont: score(FontEntry(fname='/usr/share/fonts/truetype/liberation/LiberationSansNarrow-Italic.ttf', name='Liberation Sans Narrow', style='italic', variant='normal', weight=400, stretch='condensed', size='scalable')) = 11.25
2023-03-06 14:12:41,704 - matplotlib.font_manager - DEBUG - findfont: score(FontEntry(fname='/usr/share/fonts/truetype/liberation/LiberationSansNarrow-BoldItalic.ttf', name='Liberation Sans Narrow', style='italic', variant='normal', weight=700, stretch='condensed', size='scalable')) = 11.535
2023-03-06 14:12:41,705 - matplotlib.font_manager - DEBUG - findfont: score(FontEntry(fname='/usr/share/fonts/truetype/liberation/LiberationMono-Regular.ttf', name='Liberation Mono', style='normal', variant='normal', weight=400, stretch='normal', size='scalable')) = 10.05
2023-03-06 14:12:41,706 - matplotlib.font_manager - DEBUG - findfont: score(FontEntry(fname='/usr/share/fonts/truetype/liberation/LiberationSans-Regular.ttf', name='Liberation Sans', style='normal', variant='normal', weight=400, stretch='normal', size='scalable')) = 10.05
2023-03-06 14:12:41,707 - matplotlib.font_manager - DEBUG - findfont: score(FontEntry(fname='/usr/share/fonts/truetype/liberation/LiberationSerif-Regular.ttf', name='Liberation Serif', style='normal', variant='normal', weight=400, stretch='normal', size='scalable')) = 10.05
2023-03-06 14:12:41,710 - matplotlib.font_manager - DEBUG - findfont: score(FontEntry(fname='/usr/share/fonts/truetype/liberation/LiberationSans-Italic.ttf', name='Liberation Sans', style='italic', variant='normal', weight=400, stretch='normal', size='scalable')) = 11.05
2023-03-06 14:12:41,711 - matplotlib.font_manager - DEBUG - findfont: score(FontEntry(fname='/usr/share/fonts/truetype/liberation/LiberationSansNarrow-Bold.ttf', name='Liberation Sans Narrow', style='normal', variant='normal', weight=700, stretch='condensed', size='scalable')) = 10.535
2023-03-06 14:12:41,712 - matplotlib.font_manager - DEBUG - findfont: score(FontEntry(fname='/usr/share/fonts/truetype/liberation/LiberationSans-BoldItalic.ttf', name='Liberation Sans', style='italic', variant='normal', weight=700, stretch='normal', size='scalable')) = 11.335
2023-03-06 14:12:41,714 - matplotlib.font_manager - DEBUG - findfont: score(FontEntry(fname='/usr/share/fonts/truetype/liberation/LiberationSerif-Italic.ttf', name='Liberation Serif', style='italic', variant='normal', weight=400, stretch='normal', size='scalable')) = 11.05
2023-03-06 14:12:41,715 - matplotlib.font_manager - DEBUG - findfont: Matching sans\-serif:style=normal:variant=normal:weight=normal:stretch=normal:size=12.0 to DejaVu Sans ('/usr/local/lib/python3.8/dist-packages/matplotlib/mpl-data/fonts/ttf/DejaVuSans.ttf') with score of 0.050000.
2023-03-06 14:12:41,721 - matplotlib.font_manager - DEBUG - findfont: Matching sans\-serif:style=normal:variant=normal:weight=normal:stretch=normal:size=10.0.
2023-03-06 14:12:41,724 - matplotlib.font_manager - DEBUG - findfont: score(FontEntry(fname='/usr/local/lib/python3.8/dist-packages/matplotlib/mpl-data/fonts/ttf/STIXNonUniIta.ttf', name='STIXNonUnicode', style='italic', variant='normal', weight=400, stretch='normal', size='scalable')) = 11.05
2023-03-06 14:12:41,726 - matplotlib.font_manager - DEBUG - findfont: score(FontEntry(fname='/usr/local/lib/python3.8/dist-packages/matplotlib/mpl-data/fonts/ttf/STIXSizFourSymBol.ttf', name='STIXSizeFourSym', style='normal', variant='normal', weight=700, stretch='normal', size='scalable')) = 10.335
2023-03-06 14:12:41,727 - matplotlib.font_manager - DEBUG - findfont: score(FontEntry(fname='/usr/local/lib/python3.8/dist-packages/matplotlib/mpl-data/fonts/ttf/DejaVuSansMono-Bold.ttf', name='DejaVu Sans Mono', style='normal', variant='normal', weight=700, stretch='normal', size='scalable')) = 10.335
2023-03-06 14:12:41,728 - matplotlib.font_manager - DEBUG - findfont: score(FontEntry(fname='/usr/local/lib/python3.8/dist-packages/matplotlib/mpl-data/fonts/ttf/DejaVuSerifDisplay.ttf', name='DejaVu Serif Display', style='normal', variant='normal', weight=400, stretch='normal', size='scalable')) = 10.05
2023-03-06 14:12:41,729 - matplotlib.font_manager - DEBUG - findfont: score(FontEntry(fname='/usr/local/lib/python3.8/dist-packages/matplotlib/mpl-data/fonts/ttf/STIXSizThreeSymReg.ttf', name='STIXSizeThreeSym', style='normal', variant='normal', weight=400, stretch='normal', size='scalable')) = 10.05
2023-03-06 14:12:41,731 - matplotlib.font_manager - DEBUG - findfont: score(FontEntry(fname='/usr/local/lib/python3.8/dist-packages/matplotlib/mpl-data/fonts/ttf/STIXGeneralItalic.ttf', name='STIXGeneral', style='italic', variant='normal', weight=400, stretch='normal', size='scalable')) = 11.05
2023-03-06 14:12:41,732 - matplotlib.font_manager - DEBUG - findfont: score(FontEntry(fname='/usr/local/lib/python3.8/dist-packages/matplotlib/mpl-data/fonts/ttf/cmsy10.ttf', name='cmsy10', style='normal', variant='normal', weight=400, stretch='normal', size='scalable')) = 10.05
2023-03-06 14:12:41,733 - matplotlib.font_manager - DEBUG - findfont: score(FontEntry(fname='/usr/local/lib/python3.8/dist-packages/matplotlib/mpl-data/fonts/ttf/cmr10.ttf', name='cmr10', style='normal', variant='normal', weight=400, stretch='normal', size='scalable')) = 10.05
2023-03-06 14:12:41,734 - matplotlib.font_manager - DEBUG - findfont: score(FontEntry(fname='/usr/local/lib/python3.8/dist-packages/matplotlib/mpl-data/fonts/ttf/DejaVuSerif-Bold.ttf', name='DejaVu Serif', style='normal', variant='normal', weight=700, stretch='normal', size='scalable')) = 10.335
2023-03-06 14:12:41,735 - matplotlib.font_manager - DEBUG - findfont: score(FontEntry(fname='/usr/local/lib/python3.8/dist-packages/matplotlib/mpl-data/fonts/ttf/DejaVuSerif-BoldItalic.ttf', name='DejaVu Serif', style='italic', variant='normal', weight=700, stretch='normal', size='scalable')) = 11.335
2023-03-06 14:12:41,736 - matplotlib.font_manager - DEBUG - findfont: score(FontEntry(fname='/usr/local/lib/python3.8/dist-packages/matplotlib/mpl-data/fonts/ttf/STIXSizThreeSymBol.ttf', name='STIXSizeThreeSym', style='normal', variant='normal', weight=700, stretch='normal', size='scalable')) = 10.335
2023-03-06 14:12:41,738 - matplotlib.font_manager - DEBUG - findfont: score(FontEntry(fname='/usr/local/lib/python3.8/dist-packages/matplotlib/mpl-data/fonts/ttf/cmss10.ttf', name='cmss10', style='normal', variant='normal', weight=400, stretch='normal', size='scalable')) = 10.05
2023-03-06 14:12:41,739 - matplotlib.font_manager - DEBUG - findfont: score(FontEntry(fname='/usr/local/lib/python3.8/dist-packages/matplotlib/mpl-data/fonts/ttf/DejaVuSansMono-Oblique.ttf', name='DejaVu Sans Mono', style='oblique', variant='normal', weight=400, stretch='normal', size='scalable')) = 11.05
2023-03-06 14:12:41,740 - matplotlib.font_manager - DEBUG - findfont: score(FontEntry(fname='/usr/local/lib/python3.8/dist-packages/matplotlib/mpl-data/fonts/ttf/STIXGeneralBol.ttf', name='STIXGeneral', style='normal', variant='normal', weight=700, stretch='normal', size='scalable')) = 10.335
2023-03-06 14:12:41,741 - matplotlib.font_manager - DEBUG - findfont: score(FontEntry(fname='/usr/local/lib/python3.8/dist-packages/matplotlib/mpl-data/fonts/ttf/DejaVuSerif.ttf', name='DejaVu Serif', style='normal', variant='normal', weight=400, stretch='normal', size='scalable')) = 10.05
2023-03-06 14:12:41,742 - matplotlib.font_manager - DEBUG - findfont: score(FontEntry(fname='/usr/local/lib/python3.8/dist-packages/matplotlib/mpl-data/fonts/ttf/STIXSizFiveSymReg.ttf', name='STIXSizeFiveSym', style='normal', variant='normal', weight=400, stretch='normal', size='scalable')) = 10.05
2023-03-06 14:12:41,743 - matplotlib.font_manager - DEBUG - findfont: score(FontEntry(fname='/usr/local/lib/python3.8/dist-packages/matplotlib/mpl-data/fonts/ttf/DejaVuSansDisplay.ttf', name='DejaVu Sans Display', style='normal', variant='normal', weight=400, stretch='normal', size='scalable')) = 10.05
2023-03-06 14:12:41,745 - matplotlib.font_manager - DEBUG - findfont: score(FontEntry(fname='/usr/local/lib/python3.8/dist-packages/matplotlib/mpl-data/fonts/ttf/DejaVuSansMono.ttf', name='DejaVu Sans Mono', style='normal', variant='normal', weight=400, stretch='normal', size='scalable')) = 10.05
2023-03-06 14:12:41,746 - matplotlib.font_manager - DEBUG - findfont: score(FontEntry(fname='/usr/local/lib/python3.8/dist-packages/matplotlib/mpl-data/fonts/ttf/STIXGeneralBolIta.ttf', name='STIXGeneral', style='italic', variant='normal', weight=700, stretch='normal', size='scalable')) = 11.335
2023-03-06 14:12:41,747 - matplotlib.font_manager - DEBUG - findfont: score(FontEntry(fname='/usr/local/lib/python3.8/dist-packages/matplotlib/mpl-data/fonts/ttf/cmmi10.ttf', name='cmmi10', style='normal', variant='normal', weight=400, stretch='normal', size='scalable')) = 10.05
2023-03-06 14:12:41,748 - matplotlib.font_manager - DEBUG - findfont: score(FontEntry(fname='/usr/local/lib/python3.8/dist-packages/matplotlib/mpl-data/fonts/ttf/STIXSizTwoSymBol.ttf', name='STIXSizeTwoSym', style='normal', variant='normal', weight=700, stretch='normal', size='scalable')) = 10.335
2023-03-06 14:12:41,751 - matplotlib.font_manager - DEBUG - findfont: score(FontEntry(fname='/usr/local/lib/python3.8/dist-packages/matplotlib/mpl-data/fonts/ttf/DejaVuSans-BoldOblique.ttf', name='DejaVu Sans', style='oblique', variant='normal', weight=700, stretch='normal', size='scalable')) = 1.335
2023-03-06 14:12:41,753 - matplotlib.font_manager - DEBUG - findfont: score(FontEntry(fname='/usr/local/lib/python3.8/dist-packages/matplotlib/mpl-data/fonts/ttf/cmtt10.ttf', name='cmtt10', style='normal', variant='normal', weight=400, stretch='normal', size='scalable')) = 10.05
2023-03-06 14:12:41,754 - matplotlib.font_manager - DEBUG - findfont: score(FontEntry(fname='/usr/local/lib/python3.8/dist-packages/matplotlib/mpl-data/fonts/ttf/STIXSizOneSymBol.ttf', name='STIXSizeOneSym', style='normal', variant='normal', weight=700, stretch='normal', size='scalable')) = 10.335
2023-03-06 14:12:41,755 - matplotlib.font_manager - DEBUG - findfont: score(FontEntry(fname='/usr/local/lib/python3.8/dist-packages/matplotlib/mpl-data/fonts/ttf/cmb10.ttf', name='cmb10', style='normal', variant='normal', weight=400, stretch='normal', size='scalable')) = 10.05
2023-03-06 14:12:41,757 - matplotlib.font_manager - DEBUG - findfont: score(FontEntry(fname='/usr/local/lib/python3.8/dist-packages/matplotlib/mpl-data/fonts/ttf/DejaVuSans.ttf', name='DejaVu Sans', style='normal', variant='normal', weight=400, stretch='normal', size='scalable')) = 0.05
2023-03-06 14:12:41,758 - matplotlib.font_manager - DEBUG - findfont: score(FontEntry(fname='/usr/local/lib/python3.8/dist-packages/matplotlib/mpl-data/fonts/ttf/STIXSizOneSymReg.ttf', name='STIXSizeOneSym', style='normal', variant='normal', weight=400, stretch='normal', size='scalable')) = 10.05
2023-03-06 14:12:41,759 - matplotlib.font_manager - DEBUG - findfont: score(FontEntry(fname='/usr/local/lib/python3.8/dist-packages/matplotlib/mpl-data/fonts/ttf/STIXNonUni.ttf', name='STIXNonUnicode', style='normal', variant='normal', weight=400, stretch='normal', size='scalable')) = 10.05
2023-03-06 14:12:41,761 - matplotlib.font_manager - DEBUG - findfont: score(FontEntry(fname='/usr/local/lib/python3.8/dist-packages/matplotlib/mpl-data/fonts/ttf/DejaVuSans-Oblique.ttf', name='DejaVu Sans', style='oblique', variant='normal', weight=400, stretch='normal', size='scalable')) = 1.05
2023-03-06 14:12:41,762 - matplotlib.font_manager - DEBUG - findfont: score(FontEntry(fname='/usr/local/lib/python3.8/dist-packages/matplotlib/mpl-data/fonts/ttf/STIXSizTwoSymReg.ttf', name='STIXSizeTwoSym', style='normal', variant='normal', weight=400, stretch='normal', size='scalable')) = 10.05
2023-03-06 14:12:41,764 - matplotlib.font_manager - DEBUG - findfont: score(FontEntry(fname='/usr/local/lib/python3.8/dist-packages/matplotlib/mpl-data/fonts/ttf/STIXGeneral.ttf', name='STIXGeneral', style='normal', variant='normal', weight=400, stretch='normal', size='scalable')) = 10.05
2023-03-06 14:12:41,766 - matplotlib.font_manager - DEBUG - findfont: score(FontEntry(fname='/usr/local/lib/python3.8/dist-packages/matplotlib/mpl-data/fonts/ttf/DejaVuSans-Bold.ttf', name='DejaVu Sans', style='normal', variant='normal', weight=700, stretch='normal', size='scalable')) = 0.33499999999999996
2023-03-06 14:12:41,767 - matplotlib.font_manager - DEBUG - findfont: score(FontEntry(fname='/usr/local/lib/python3.8/dist-packages/matplotlib/mpl-data/fonts/ttf/DejaVuSerif-Italic.ttf', name='DejaVu Serif', style='italic', variant='normal', weight=400, stretch='normal', size='scalable')) = 11.05
2023-03-06 14:12:41,769 - matplotlib.font_manager - DEBUG - findfont: score(FontEntry(fname='/usr/local/lib/python3.8/dist-packages/matplotlib/mpl-data/fonts/ttf/DejaVuSansMono-BoldOblique.ttf', name='DejaVu Sans Mono', style='oblique', variant='normal', weight=700, stretch='normal', size='scalable')) = 11.335
2023-03-06 14:12:41,771 - matplotlib.font_manager - DEBUG - findfont: score(FontEntry(fname='/usr/local/lib/python3.8/dist-packages/matplotlib/mpl-data/fonts/ttf/cmex10.ttf', name='cmex10', style='normal', variant='normal', weight=400, stretch='normal', size='scalable')) = 10.05
2023-03-06 14:12:41,772 - matplotlib.font_manager - DEBUG - findfont: score(FontEntry(fname='/usr/local/lib/python3.8/dist-packages/matplotlib/mpl-data/fonts/ttf/STIXNonUniBol.ttf', name='STIXNonUnicode', style='normal', variant='normal', weight=700, stretch='normal', size='scalable')) = 10.335
2023-03-06 14:12:41,773 - matplotlib.font_manager - DEBUG - findfont: score(FontEntry(fname='/usr/local/lib/python3.8/dist-packages/matplotlib/mpl-data/fonts/ttf/STIXSizFourSymReg.ttf', name='STIXSizeFourSym', style='normal', variant='normal', weight=400, stretch='normal', size='scalable')) = 10.05
2023-03-06 14:12:41,774 - matplotlib.font_manager - DEBUG - findfont: score(FontEntry(fname='/usr/local/lib/python3.8/dist-packages/matplotlib/mpl-data/fonts/ttf/STIXNonUniBolIta.ttf', name='STIXNonUnicode', style='italic', variant='normal', weight=700, stretch='normal', size='scalable')) = 11.335
2023-03-06 14:12:41,776 - matplotlib.font_manager - DEBUG - findfont: score(FontEntry(fname='/usr/share/fonts/truetype/liberation/LiberationMono-Italic.ttf', name='Liberation Mono', style='italic', variant='normal', weight=400, stretch='normal', size='scalable')) = 11.05
2023-03-06 14:12:41,777 - matplotlib.font_manager - DEBUG - findfont: score(FontEntry(fname='/usr/share/fonts/truetype/liberation/LiberationMono-BoldItalic.ttf', name='Liberation Mono', style='italic', variant='normal', weight=700, stretch='normal', size='scalable')) = 11.335
2023-03-06 14:12:41,778 - matplotlib.font_manager - DEBUG - findfont: score(FontEntry(fname='/usr/share/fonts/truetype/liberation/LiberationMono-Bold.ttf', name='Liberation Mono', style='normal', variant='normal', weight=700, stretch='normal', size='scalable')) = 10.335
2023-03-06 14:12:41,779 - matplotlib.font_manager - DEBUG - findfont: score(FontEntry(fname='/usr/share/fonts/truetype/liberation/LiberationSerif-BoldItalic.ttf', name='Liberation Serif', style='italic', variant='normal', weight=700, stretch='normal', size='scalable')) = 11.335
2023-03-06 14:12:41,782 - matplotlib.font_manager - DEBUG - findfont: score(FontEntry(fname='/usr/share/fonts/truetype/liberation/LiberationSans-Bold.ttf', name='Liberation Sans', style='normal', variant='normal', weight=700, stretch='normal', size='scalable')) = 10.335
2023-03-06 14:12:41,783 - matplotlib.font_manager - DEBUG - findfont: score(FontEntry(fname='/usr/share/fonts/truetype/liberation/LiberationSansNarrow-Regular.ttf', name='Liberation Sans Narrow', style='normal', variant='normal', weight=400, stretch='condensed', size='scalable')) = 10.25
2023-03-06 14:12:41,785 - matplotlib.font_manager - DEBUG - findfont: score(FontEntry(fname='/usr/share/fonts/truetype/humor-sans/Humor-Sans.ttf', name='Humor Sans', style='normal', variant='normal', weight=400, stretch='normal', size='scalable')) = 10.05
2023-03-06 14:12:41,819 - matplotlib.font_manager - DEBUG - findfont: score(FontEntry(fname='/usr/share/fonts/truetype/liberation/LiberationSerif-Bold.ttf', name='Liberation Serif', style='normal', variant='normal', weight=700, stretch='normal', size='scalable')) = 10.335
2023-03-06 14:12:41,826 - matplotlib.font_manager - DEBUG - findfont: score(FontEntry(fname='/usr/share/fonts/truetype/liberation/LiberationSansNarrow-Italic.ttf', name='Liberation Sans Narrow', style='italic', variant='normal', weight=400, stretch='condensed', size='scalable')) = 11.25
2023-03-06 14:12:41,827 - matplotlib.font_manager - DEBUG - findfont: score(FontEntry(fname='/usr/share/fonts/truetype/liberation/LiberationSansNarrow-BoldItalic.ttf', name='Liberation Sans Narrow', style='italic', variant='normal', weight=700, stretch='condensed', size='scalable')) = 11.535
2023-03-06 14:12:41,829 - matplotlib.font_manager - DEBUG - findfont: score(FontEntry(fname='/usr/share/fonts/truetype/liberation/LiberationMono-Regular.ttf', name='Liberation Mono', style='normal', variant='normal', weight=400, stretch='normal', size='scalable')) = 10.05
2023-03-06 14:12:41,869 - matplotlib.font_manager - DEBUG - findfont: score(FontEntry(fname='/usr/share/fonts/truetype/liberation/LiberationSans-Regular.ttf', name='Liberation Sans', style='normal', variant='normal', weight=400, stretch='normal', size='scalable')) = 10.05
2023-03-06 14:12:41,873 - matplotlib.font_manager - DEBUG - findfont: score(FontEntry(fname='/usr/share/fonts/truetype/liberation/LiberationSerif-Regular.ttf', name='Liberation Serif', style='normal', variant='normal', weight=400, stretch='normal', size='scalable')) = 10.05
2023-03-06 14:12:41,874 - matplotlib.font_manager - DEBUG - findfont: score(FontEntry(fname='/usr/share/fonts/truetype/liberation/LiberationSans-Italic.ttf', name='Liberation Sans', style='italic', variant='normal', weight=400, stretch='normal', size='scalable')) = 11.05
2023-03-06 14:12:41,876 - matplotlib.font_manager - DEBUG - findfont: score(FontEntry(fname='/usr/share/fonts/truetype/liberation/LiberationSansNarrow-Bold.ttf', name='Liberation Sans Narrow', style='normal', variant='normal', weight=700, stretch='condensed', size='scalable')) = 10.535
2023-03-06 14:12:41,877 - matplotlib.font_manager - DEBUG - findfont: score(FontEntry(fname='/usr/share/fonts/truetype/liberation/LiberationSans-BoldItalic.ttf', name='Liberation Sans', style='italic', variant='normal', weight=700, stretch='normal', size='scalable')) = 11.335
2023-03-06 14:12:41,879 - matplotlib.font_manager - DEBUG - findfont: score(FontEntry(fname='/usr/share/fonts/truetype/liberation/LiberationSerif-Italic.ttf', name='Liberation Serif', style='italic', variant='normal', weight=400, stretch='normal', size='scalable')) = 11.05
2023-03-06 14:12:41,897 - matplotlib.font_manager - DEBUG - findfont: Matching sans\-serif:style=normal:variant=normal:weight=normal:stretch=normal:size=10.0 to DejaVu Sans ('/usr/local/lib/python3.8/dist-packages/matplotlib/mpl-data/fonts/ttf/DejaVuSans.ttf') with score of 0.050000.
2023-03-06 14:15:46,621 - matplotlib.font_manager - DEBUG - findfont: Matching sans\-serif:style=normal:variant=normal:weight=normal:stretch=normal:size=13.0.
2023-03-06 14:15:46,623 - matplotlib.font_manager - DEBUG - findfont: score(FontEntry(fname='/usr/local/lib/python3.8/dist-packages/matplotlib/mpl-data/fonts/ttf/STIXNonUniIta.ttf', name='STIXNonUnicode', style='italic', variant='normal', weight=400, stretch='normal', size='scalable')) = 11.05
2023-03-06 14:15:46,630 - matplotlib.font_manager - DEBUG - findfont: score(FontEntry(fname='/usr/local/lib/python3.8/dist-packages/matplotlib/mpl-data/fonts/ttf/STIXSizFourSymBol.ttf', name='STIXSizeFourSym', style='normal', variant='normal', weight=700, stretch='normal', size='scalable')) = 10.335
2023-03-06 14:15:46,636 - matplotlib.font_manager - DEBUG - findfont: score(FontEntry(fname='/usr/local/lib/python3.8/dist-packages/matplotlib/mpl-data/fonts/ttf/DejaVuSansMono-Bold.ttf', name='DejaVu Sans Mono', style='normal', variant='normal', weight=700, stretch='normal', size='scalable')) = 10.335
2023-03-06 14:15:46,639 - matplotlib.font_manager - DEBUG - findfont: score(FontEntry(fname='/usr/local/lib/python3.8/dist-packages/matplotlib/mpl-data/fonts/ttf/DejaVuSerifDisplay.ttf', name='DejaVu Serif Display', style='normal', variant='normal', weight=400, stretch='normal', size='scalable')) = 10.05
2023-03-06 14:15:46,640 - matplotlib.font_manager - DEBUG - findfont: score(FontEntry(fname='/usr/local/lib/python3.8/dist-packages/matplotlib/mpl-data/fonts/ttf/STIXSizThreeSymReg.ttf', name='STIXSizeThreeSym', style='normal', variant='normal', weight=400, stretch='normal', size='scalable')) = 10.05
2023-03-06 14:15:46,643 - matplotlib.font_manager - DEBUG - findfont: score(FontEntry(fname='/usr/local/lib/python3.8/dist-packages/matplotlib/mpl-data/fonts/ttf/STIXGeneralItalic.ttf', name='STIXGeneral', style='italic', variant='normal', weight=400, stretch='normal', size='scalable')) = 11.05
2023-03-06 14:15:46,645 - matplotlib.font_manager - DEBUG - findfont: score(FontEntry(fname='/usr/local/lib/python3.8/dist-packages/matplotlib/mpl-data/fonts/ttf/cmsy10.ttf', name='cmsy10', style='normal', variant='normal', weight=400, stretch='normal', size='scalable')) = 10.05
2023-03-06 14:15:46,647 - matplotlib.font_manager - DEBUG - findfont: score(FontEntry(fname='/usr/local/lib/python3.8/dist-packages/matplotlib/mpl-data/fonts/ttf/cmr10.ttf', name='cmr10', style='normal', variant='normal', weight=400, stretch='normal', size='scalable')) = 10.05
2023-03-06 14:15:46,649 - matplotlib.font_manager - DEBUG - findfont: score(FontEntry(fname='/usr/local/lib/python3.8/dist-packages/matplotlib/mpl-data/fonts/ttf/DejaVuSerif-Bold.ttf', name='DejaVu Serif', style='normal', variant='normal', weight=700, stretch='normal', size='scalable')) = 10.335
2023-03-06 14:15:46,651 - matplotlib.font_manager - DEBUG - findfont: score(FontEntry(fname='/usr/local/lib/python3.8/dist-packages/matplotlib/mpl-data/fonts/ttf/DejaVuSerif-BoldItalic.ttf', name='DejaVu Serif', style='italic', variant='normal', weight=700, stretch='normal', size='scalable')) = 11.335
2023-03-06 14:15:46,654 - matplotlib.font_manager - DEBUG - findfont: score(FontEntry(fname='/usr/local/lib/python3.8/dist-packages/matplotlib/mpl-data/fonts/ttf/STIXSizThreeSymBol.ttf', name='STIXSizeThreeSym', style='normal', variant='normal', weight=700, stretch='normal', size='scalable')) = 10.335
2023-03-06 14:15:46,657 - matplotlib.font_manager - DEBUG - findfont: score(FontEntry(fname='/usr/local/lib/python3.8/dist-packages/matplotlib/mpl-data/fonts/ttf/cmss10.ttf', name='cmss10', style='normal', variant='normal', weight=400, stretch='normal', size='scalable')) = 10.05
2023-03-06 14:15:46,659 - matplotlib.font_manager - DEBUG - findfont: score(FontEntry(fname='/usr/local/lib/python3.8/dist-packages/matplotlib/mpl-data/fonts/ttf/DejaVuSansMono-Oblique.ttf', name='DejaVu Sans Mono', style='oblique', variant='normal', weight=400, stretch='normal', size='scalable')) = 11.05
2023-03-06 14:15:46,662 - matplotlib.font_manager - DEBUG - findfont: score(FontEntry(fname='/usr/local/lib/python3.8/dist-packages/matplotlib/mpl-data/fonts/ttf/STIXGeneralBol.ttf', name='STIXGeneral', style='normal', variant='normal', weight=700, stretch='normal', size='scalable')) = 10.335
2023-03-06 14:15:46,665 - matplotlib.font_manager - DEBUG - findfont: score(FontEntry(fname='/usr/local/lib/python3.8/dist-packages/matplotlib/mpl-data/fonts/ttf/DejaVuSerif.ttf', name='DejaVu Serif', style='normal', variant='normal', weight=400, stretch='normal', size='scalable')) = 10.05
2023-03-06 14:15:46,667 - matplotlib.font_manager - DEBUG - findfont: score(FontEntry(fname='/usr/local/lib/python3.8/dist-packages/matplotlib/mpl-data/fonts/ttf/STIXSizFiveSymReg.ttf', name='STIXSizeFiveSym', style='normal', variant='normal', weight=400, stretch='normal', size='scalable')) = 10.05
2023-03-06 14:15:46,669 - matplotlib.font_manager - DEBUG - findfont: score(FontEntry(fname='/usr/local/lib/python3.8/dist-packages/matplotlib/mpl-data/fonts/ttf/DejaVuSansDisplay.ttf', name='DejaVu Sans Display', style='normal', variant='normal', weight=400, stretch='normal', size='scalable')) = 10.05
2023-03-06 14:15:46,673 - matplotlib.font_manager - DEBUG - findfont: score(FontEntry(fname='/usr/local/lib/python3.8/dist-packages/matplotlib/mpl-data/fonts/ttf/DejaVuSansMono.ttf', name='DejaVu Sans Mono', style='normal', variant='normal', weight=400, stretch='normal', size='scalable')) = 10.05
2023-03-06 14:15:46,674 - matplotlib.font_manager - DEBUG - findfont: score(FontEntry(fname='/usr/local/lib/python3.8/dist-packages/matplotlib/mpl-data/fonts/ttf/STIXGeneralBolIta.ttf', name='STIXGeneral', style='italic', variant='normal', weight=700, stretch='normal', size='scalable')) = 11.335
2023-03-06 14:15:46,677 - matplotlib.font_manager - DEBUG - findfont: score(FontEntry(fname='/usr/local/lib/python3.8/dist-packages/matplotlib/mpl-data/fonts/ttf/cmmi10.ttf', name='cmmi10', style='normal', variant='normal', weight=400, stretch='normal', size='scalable')) = 10.05
2023-03-06 14:15:46,680 - matplotlib.font_manager - DEBUG - findfont: score(FontEntry(fname='/usr/local/lib/python3.8/dist-packages/matplotlib/mpl-data/fonts/ttf/STIXSizTwoSymBol.ttf', name='STIXSizeTwoSym', style='normal', variant='normal', weight=700, stretch='normal', size='scalable')) = 10.335
2023-03-06 14:15:46,683 - matplotlib.font_manager - DEBUG - findfont: score(FontEntry(fname='/usr/local/lib/python3.8/dist-packages/matplotlib/mpl-data/fonts/ttf/DejaVuSans-BoldOblique.ttf', name='DejaVu Sans', style='oblique', variant='normal', weight=700, stretch='normal', size='scalable')) = 1.335
2023-03-06 14:15:46,684 - matplotlib.font_manager - DEBUG - findfont: score(FontEntry(fname='/usr/local/lib/python3.8/dist-packages/matplotlib/mpl-data/fonts/ttf/cmtt10.ttf', name='cmtt10', style='normal', variant='normal', weight=400, stretch='normal', size='scalable')) = 10.05
2023-03-06 14:15:46,688 - matplotlib.font_manager - DEBUG - findfont: score(FontEntry(fname='/usr/local/lib/python3.8/dist-packages/matplotlib/mpl-data/fonts/ttf/STIXSizOneSymBol.ttf', name='STIXSizeOneSym', style='normal', variant='normal', weight=700, stretch='normal', size='scalable')) = 10.335
2023-03-06 14:15:46,690 - matplotlib.font_manager - DEBUG - findfont: score(FontEntry(fname='/usr/local/lib/python3.8/dist-packages/matplotlib/mpl-data/fonts/ttf/cmb10.ttf', name='cmb10', style='normal', variant='normal', weight=400, stretch='normal', size='scalable')) = 10.05
2023-03-06 14:15:46,692 - matplotlib.font_manager - DEBUG - findfont: score(FontEntry(fname='/usr/local/lib/python3.8/dist-packages/matplotlib/mpl-data/fonts/ttf/DejaVuSans.ttf', name='DejaVu Sans', style='normal', variant='normal', weight=400, stretch='normal', size='scalable')) = 0.05
2023-03-06 14:15:46,695 - matplotlib.font_manager - DEBUG - findfont: score(FontEntry(fname='/usr/local/lib/python3.8/dist-packages/matplotlib/mpl-data/fonts/ttf/STIXSizOneSymReg.ttf', name='STIXSizeOneSym', style='normal', variant='normal', weight=400, stretch='normal', size='scalable')) = 10.05
2023-03-06 14:15:46,698 - matplotlib.font_manager - DEBUG - findfont: score(FontEntry(fname='/usr/local/lib/python3.8/dist-packages/matplotlib/mpl-data/fonts/ttf/STIXNonUni.ttf', name='STIXNonUnicode', style='normal', variant='normal', weight=400, stretch='normal', size='scalable')) = 10.05
2023-03-06 14:15:46,700 - matplotlib.font_manager - DEBUG - findfont: score(FontEntry(fname='/usr/local/lib/python3.8/dist-packages/matplotlib/mpl-data/fonts/ttf/DejaVuSans-Oblique.ttf', name='DejaVu Sans', style='oblique', variant='normal', weight=400, stretch='normal', size='scalable')) = 1.05
2023-03-06 14:15:46,705 - matplotlib.font_manager - DEBUG - findfont: score(FontEntry(fname='/usr/local/lib/python3.8/dist-packages/matplotlib/mpl-data/fonts/ttf/STIXSizTwoSymReg.ttf', name='STIXSizeTwoSym', style='normal', variant='normal', weight=400, stretch='normal', size='scalable')) = 10.05
2023-03-06 14:15:46,707 - matplotlib.font_manager - DEBUG - findfont: score(FontEntry(fname='/usr/local/lib/python3.8/dist-packages/matplotlib/mpl-data/fonts/ttf/STIXGeneral.ttf', name='STIXGeneral', style='normal', variant='normal', weight=400, stretch='normal', size='scalable')) = 10.05
2023-03-06 14:15:46,708 - matplotlib.font_manager - DEBUG - findfont: score(FontEntry(fname='/usr/local/lib/python3.8/dist-packages/matplotlib/mpl-data/fonts/ttf/DejaVuSans-Bold.ttf', name='DejaVu Sans', style='normal', variant='normal', weight=700, stretch='normal', size='scalable')) = 0.33499999999999996
2023-03-06 14:15:46,710 - matplotlib.font_manager - DEBUG - findfont: score(FontEntry(fname='/usr/local/lib/python3.8/dist-packages/matplotlib/mpl-data/fonts/ttf/DejaVuSerif-Italic.ttf', name='DejaVu Serif', style='italic', variant='normal', weight=400, stretch='normal', size='scalable')) = 11.05
2023-03-06 14:15:46,711 - matplotlib.font_manager - DEBUG - findfont: score(FontEntry(fname='/usr/local/lib/python3.8/dist-packages/matplotlib/mpl-data/fonts/ttf/DejaVuSansMono-BoldOblique.ttf', name='DejaVu Sans Mono', style='oblique', variant='normal', weight=700, stretch='normal', size='scalable')) = 11.335
2023-03-06 14:15:46,713 - matplotlib.font_manager - DEBUG - findfont: score(FontEntry(fname='/usr/local/lib/python3.8/dist-packages/matplotlib/mpl-data/fonts/ttf/cmex10.ttf', name='cmex10', style='normal', variant='normal', weight=400, stretch='normal', size='scalable')) = 10.05
2023-03-06 14:15:46,714 - matplotlib.font_manager - DEBUG - findfont: score(FontEntry(fname='/usr/local/lib/python3.8/dist-packages/matplotlib/mpl-data/fonts/ttf/STIXNonUniBol.ttf', name='STIXNonUnicode', style='normal', variant='normal', weight=700, stretch='normal', size='scalable')) = 10.335
2023-03-06 14:15:46,716 - matplotlib.font_manager - DEBUG - findfont: score(FontEntry(fname='/usr/local/lib/python3.8/dist-packages/matplotlib/mpl-data/fonts/ttf/STIXSizFourSymReg.ttf', name='STIXSizeFourSym', style='normal', variant='normal', weight=400, stretch='normal', size='scalable')) = 10.05
2023-03-06 14:15:46,718 - matplotlib.font_manager - DEBUG - findfont: score(FontEntry(fname='/usr/local/lib/python3.8/dist-packages/matplotlib/mpl-data/fonts/ttf/STIXNonUniBolIta.ttf', name='STIXNonUnicode', style='italic', variant='normal', weight=700, stretch='normal', size='scalable')) = 11.335
2023-03-06 14:15:46,719 - matplotlib.font_manager - DEBUG - findfont: score(FontEntry(fname='/usr/share/fonts/truetype/liberation/LiberationMono-Italic.ttf', name='Liberation Mono', style='italic', variant='normal', weight=400, stretch='normal', size='scalable')) = 11.05
2023-03-06 14:15:46,720 - matplotlib.font_manager - DEBUG - findfont: score(FontEntry(fname='/usr/share/fonts/truetype/liberation/LiberationMono-BoldItalic.ttf', name='Liberation Mono', style='italic', variant='normal', weight=700, stretch='normal', size='scalable')) = 11.335
2023-03-06 14:15:46,722 - matplotlib.font_manager - DEBUG - findfont: score(FontEntry(fname='/usr/share/fonts/truetype/liberation/LiberationMono-Bold.ttf', name='Liberation Mono', style='normal', variant='normal', weight=700, stretch='normal', size='scalable')) = 10.335
2023-03-06 14:15:46,723 - matplotlib.font_manager - DEBUG - findfont: score(FontEntry(fname='/usr/share/fonts/truetype/liberation/LiberationSerif-BoldItalic.ttf', name='Liberation Serif', style='italic', variant='normal', weight=700, stretch='normal', size='scalable')) = 11.335
2023-03-06 14:15:46,724 - matplotlib.font_manager - DEBUG - findfont: score(FontEntry(fname='/usr/share/fonts/truetype/liberation/LiberationSans-Bold.ttf', name='Liberation Sans', style='normal', variant='normal', weight=700, stretch='normal', size='scalable')) = 10.335
2023-03-06 14:15:46,726 - matplotlib.font_manager - DEBUG - findfont: score(FontEntry(fname='/usr/share/fonts/truetype/liberation/LiberationSansNarrow-Regular.ttf', name='Liberation Sans Narrow', style='normal', variant='normal', weight=400, stretch='condensed', size='scalable')) = 10.25
2023-03-06 14:15:46,727 - matplotlib.font_manager - DEBUG - findfont: score(FontEntry(fname='/usr/share/fonts/truetype/humor-sans/Humor-Sans.ttf', name='Humor Sans', style='normal', variant='normal', weight=400, stretch='normal', size='scalable')) = 10.05
2023-03-06 14:15:46,729 - matplotlib.font_manager - DEBUG - findfont: score(FontEntry(fname='/usr/share/fonts/truetype/liberation/LiberationSerif-Bold.ttf', name='Liberation Serif', style='normal', variant='normal', weight=700, stretch='normal', size='scalable')) = 10.335
2023-03-06 14:15:46,730 - matplotlib.font_manager - DEBUG - findfont: score(FontEntry(fname='/usr/share/fonts/truetype/liberation/LiberationSansNarrow-Italic.ttf', name='Liberation Sans Narrow', style='italic', variant='normal', weight=400, stretch='condensed', size='scalable')) = 11.25
2023-03-06 14:15:46,747 - matplotlib.font_manager - DEBUG - findfont: score(FontEntry(fname='/usr/share/fonts/truetype/liberation/LiberationSansNarrow-BoldItalic.ttf', name='Liberation Sans Narrow', style='italic', variant='normal', weight=700, stretch='condensed', size='scalable')) = 11.535
2023-03-06 14:15:46,748 - matplotlib.font_manager - DEBUG - findfont: score(FontEntry(fname='/usr/share/fonts/truetype/liberation/LiberationMono-Regular.ttf', name='Liberation Mono', style='normal', variant='normal', weight=400, stretch='normal', size='scalable')) = 10.05
2023-03-06 14:15:46,750 - matplotlib.font_manager - DEBUG - findfont: score(FontEntry(fname='/usr/share/fonts/truetype/liberation/LiberationSans-Regular.ttf', name='Liberation Sans', style='normal', variant='normal', weight=400, stretch='normal', size='scalable')) = 10.05
2023-03-06 14:15:46,751 - matplotlib.font_manager - DEBUG - findfont: score(FontEntry(fname='/usr/share/fonts/truetype/liberation/LiberationSerif-Regular.ttf', name='Liberation Serif', style='normal', variant='normal', weight=400, stretch='normal', size='scalable')) = 10.05
2023-03-06 14:15:46,753 - matplotlib.font_manager - DEBUG - findfont: score(FontEntry(fname='/usr/share/fonts/truetype/liberation/LiberationSans-Italic.ttf', name='Liberation Sans', style='italic', variant='normal', weight=400, stretch='normal', size='scalable')) = 11.05
2023-03-06 14:15:46,754 - matplotlib.font_manager - DEBUG - findfont: score(FontEntry(fname='/usr/share/fonts/truetype/liberation/LiberationSansNarrow-Bold.ttf', name='Liberation Sans Narrow', style='normal', variant='normal', weight=700, stretch='condensed', size='scalable')) = 10.535
2023-03-06 14:15:46,756 - matplotlib.font_manager - DEBUG - findfont: score(FontEntry(fname='/usr/share/fonts/truetype/liberation/LiberationSans-BoldItalic.ttf', name='Liberation Sans', style='italic', variant='normal', weight=700, stretch='normal', size='scalable')) = 11.335
2023-03-06 14:15:46,757 - matplotlib.font_manager - DEBUG - findfont: score(FontEntry(fname='/usr/share/fonts/truetype/liberation/LiberationSerif-Italic.ttf', name='Liberation Serif', style='italic', variant='normal', weight=400, stretch='normal', size='scalable')) = 11.05
2023-03-06 14:15:46,758 - matplotlib.font_manager - DEBUG - findfont: Matching sans\-serif:style=normal:variant=normal:weight=normal:stretch=normal:size=13.0 to DejaVu Sans ('/usr/local/lib/python3.8/dist-packages/matplotlib/mpl-data/fonts/ttf/DejaVuSans.ttf') with score of 0.050000.
2023-03-06 14:27:00,930 - matplotlib.font_manager - DEBUG - findfont: Matching sans\-serif:style=normal:variant=normal:weight=normal:stretch=normal:size=9.5.
2023-03-06 14:27:00,933 - matplotlib.font_manager - DEBUG - findfont: score(FontEntry(fname='/usr/local/lib/python3.8/dist-packages/matplotlib/mpl-data/fonts/ttf/STIXNonUniIta.ttf', name='STIXNonUnicode', style='italic', variant='normal', weight=400, stretch='normal', size='scalable')) = 11.05
2023-03-06 14:27:00,935 - matplotlib.font_manager - DEBUG - findfont: score(FontEntry(fname='/usr/local/lib/python3.8/dist-packages/matplotlib/mpl-data/fonts/ttf/STIXSizFourSymBol.ttf', name='STIXSizeFourSym', style='normal', variant='normal', weight=700, stretch='normal', size='scalable')) = 10.335
2023-03-06 14:27:00,938 - matplotlib.font_manager - DEBUG - findfont: score(FontEntry(fname='/usr/local/lib/python3.8/dist-packages/matplotlib/mpl-data/fonts/ttf/DejaVuSansMono-Bold.ttf', name='DejaVu Sans Mono', style='normal', variant='normal', weight=700, stretch='normal', size='scalable')) = 10.335
2023-03-06 14:27:00,940 - matplotlib.font_manager - DEBUG - findfont: score(FontEntry(fname='/usr/local/lib/python3.8/dist-packages/matplotlib/mpl-data/fonts/ttf/DejaVuSerifDisplay.ttf', name='DejaVu Serif Display', style='normal', variant='normal', weight=400, stretch='normal', size='scalable')) = 10.05
2023-03-06 14:27:00,943 - matplotlib.font_manager - DEBUG - findfont: score(FontEntry(fname='/usr/local/lib/python3.8/dist-packages/matplotlib/mpl-data/fonts/ttf/STIXSizThreeSymReg.ttf', name='STIXSizeThreeSym', style='normal', variant='normal', weight=400, stretch='normal', size='scalable')) = 10.05
2023-03-06 14:27:00,944 - matplotlib.font_manager - DEBUG - findfont: score(FontEntry(fname='/usr/local/lib/python3.8/dist-packages/matplotlib/mpl-data/fonts/ttf/STIXGeneralItalic.ttf', name='STIXGeneral', style='italic', variant='normal', weight=400, stretch='normal', size='scalable')) = 11.05
2023-03-06 14:27:00,946 - matplotlib.font_manager - DEBUG - findfont: score(FontEntry(fname='/usr/local/lib/python3.8/dist-packages/matplotlib/mpl-data/fonts/ttf/cmsy10.ttf', name='cmsy10', style='normal', variant='normal', weight=400, stretch='normal', size='scalable')) = 10.05
2023-03-06 14:27:00,947 - matplotlib.font_manager - DEBUG - findfont: score(FontEntry(fname='/usr/local/lib/python3.8/dist-packages/matplotlib/mpl-data/fonts/ttf/cmr10.ttf', name='cmr10', style='normal', variant='normal', weight=400, stretch='normal', size='scalable')) = 10.05
2023-03-06 14:27:00,949 - matplotlib.font_manager - DEBUG - findfont: score(FontEntry(fname='/usr/local/lib/python3.8/dist-packages/matplotlib/mpl-data/fonts/ttf/DejaVuSerif-Bold.ttf', name='DejaVu Serif', style='normal', variant='normal', weight=700, stretch='normal', size='scalable')) = 10.335
2023-03-06 14:27:00,950 - matplotlib.font_manager - DEBUG - findfont: score(FontEntry(fname='/usr/local/lib/python3.8/dist-packages/matplotlib/mpl-data/fonts/ttf/DejaVuSerif-BoldItalic.ttf', name='DejaVu Serif', style='italic', variant='normal', weight=700, stretch='normal', size='scalable')) = 11.335
2023-03-06 14:27:00,952 - matplotlib.font_manager - DEBUG - findfont: score(FontEntry(fname='/usr/local/lib/python3.8/dist-packages/matplotlib/mpl-data/fonts/ttf/STIXSizThreeSymBol.ttf', name='STIXSizeThreeSym', style='normal', variant='normal', weight=700, stretch='normal', size='scalable')) = 10.335
2023-03-06 14:27:00,953 - matplotlib.font_manager - DEBUG - findfont: score(FontEntry(fname='/usr/local/lib/python3.8/dist-packages/matplotlib/mpl-data/fonts/ttf/cmss10.ttf', name='cmss10', style='normal', variant='normal', weight=400, stretch='normal', size='scalable')) = 10.05
2023-03-06 14:27:00,954 - matplotlib.font_manager - DEBUG - findfont: score(FontEntry(fname='/usr/local/lib/python3.8/dist-packages/matplotlib/mpl-data/fonts/ttf/DejaVuSansMono-Oblique.ttf', name='DejaVu Sans Mono', style='oblique', variant='normal', weight=400, stretch='normal', size='scalable')) = 11.05
2023-03-06 14:27:00,955 - matplotlib.font_manager - DEBUG - findfont: score(FontEntry(fname='/usr/local/lib/python3.8/dist-packages/matplotlib/mpl-data/fonts/ttf/STIXGeneralBol.ttf', name='STIXGeneral', style='normal', variant='normal', weight=700, stretch='normal', size='scalable')) = 10.335
2023-03-06 14:27:00,957 - matplotlib.font_manager - DEBUG - findfont: score(FontEntry(fname='/usr/local/lib/python3.8/dist-packages/matplotlib/mpl-data/fonts/ttf/DejaVuSerif.ttf', name='DejaVu Serif', style='normal', variant='normal', weight=400, stretch='normal', size='scalable')) = 10.05
2023-03-06 14:27:00,958 - matplotlib.font_manager - DEBUG - findfont: score(FontEntry(fname='/usr/local/lib/python3.8/dist-packages/matplotlib/mpl-data/fonts/ttf/STIXSizFiveSymReg.ttf', name='STIXSizeFiveSym', style='normal', variant='normal', weight=400, stretch='normal', size='scalable')) = 10.05
2023-03-06 14:27:00,959 - matplotlib.font_manager - DEBUG - findfont: score(FontEntry(fname='/usr/local/lib/python3.8/dist-packages/matplotlib/mpl-data/fonts/ttf/DejaVuSansDisplay.ttf', name='DejaVu Sans Display', style='normal', variant='normal', weight=400, stretch='normal', size='scalable')) = 10.05
2023-03-06 14:27:00,961 - matplotlib.font_manager - DEBUG - findfont: score(FontEntry(fname='/usr/local/lib/python3.8/dist-packages/matplotlib/mpl-data/fonts/ttf/DejaVuSansMono.ttf', name='DejaVu Sans Mono', style='normal', variant='normal', weight=400, stretch='normal', size='scalable')) = 10.05
2023-03-06 14:27:00,962 - matplotlib.font_manager - DEBUG - findfont: score(FontEntry(fname='/usr/local/lib/python3.8/dist-packages/matplotlib/mpl-data/fonts/ttf/STIXGeneralBolIta.ttf', name='STIXGeneral', style='italic', variant='normal', weight=700, stretch='normal', size='scalable')) = 11.335
2023-03-06 14:27:00,963 - matplotlib.font_manager - DEBUG - findfont: score(FontEntry(fname='/usr/local/lib/python3.8/dist-packages/matplotlib/mpl-data/fonts/ttf/cmmi10.ttf', name='cmmi10', style='normal', variant='normal', weight=400, stretch='normal', size='scalable')) = 10.05
2023-03-06 14:27:00,965 - matplotlib.font_manager - DEBUG - findfont: score(FontEntry(fname='/usr/local/lib/python3.8/dist-packages/matplotlib/mpl-data/fonts/ttf/STIXSizTwoSymBol.ttf', name='STIXSizeTwoSym', style='normal', variant='normal', weight=700, stretch='normal', size='scalable')) = 10.335
2023-03-06 14:27:00,966 - matplotlib.font_manager - DEBUG - findfont: score(FontEntry(fname='/usr/local/lib/python3.8/dist-packages/matplotlib/mpl-data/fonts/ttf/DejaVuSans-BoldOblique.ttf', name='DejaVu Sans', style='oblique', variant='normal', weight=700, stretch='normal', size='scalable')) = 1.335
2023-03-06 14:27:00,967 - matplotlib.font_manager - DEBUG - findfont: score(FontEntry(fname='/usr/local/lib/python3.8/dist-packages/matplotlib/mpl-data/fonts/ttf/cmtt10.ttf', name='cmtt10', style='normal', variant='normal', weight=400, stretch='normal', size='scalable')) = 10.05
2023-03-06 14:27:00,968 - matplotlib.font_manager - DEBUG - findfont: score(FontEntry(fname='/usr/local/lib/python3.8/dist-packages/matplotlib/mpl-data/fonts/ttf/STIXSizOneSymBol.ttf', name='STIXSizeOneSym', style='normal', variant='normal', weight=700, stretch='normal', size='scalable')) = 10.335
2023-03-06 14:27:00,974 - matplotlib.font_manager - DEBUG - findfont: score(FontEntry(fname='/usr/local/lib/python3.8/dist-packages/matplotlib/mpl-data/fonts/ttf/cmb10.ttf', name='cmb10', style='normal', variant='normal', weight=400, stretch='normal', size='scalable')) = 10.05
2023-03-06 14:27:00,976 - matplotlib.font_manager - DEBUG - findfont: score(FontEntry(fname='/usr/local/lib/python3.8/dist-packages/matplotlib/mpl-data/fonts/ttf/DejaVuSans.ttf', name='DejaVu Sans', style='normal', variant='normal', weight=400, stretch='normal', size='scalable')) = 0.05
2023-03-06 14:27:00,988 - matplotlib.font_manager - DEBUG - findfont: score(FontEntry(fname='/usr/local/lib/python3.8/dist-packages/matplotlib/mpl-data/fonts/ttf/STIXSizOneSymReg.ttf', name='STIXSizeOneSym', style='normal', variant='normal', weight=400, stretch='normal', size='scalable')) = 10.05
2023-03-06 14:27:00,990 - matplotlib.font_manager - DEBUG - findfont: score(FontEntry(fname='/usr/local/lib/python3.8/dist-packages/matplotlib/mpl-data/fonts/ttf/STIXNonUni.ttf', name='STIXNonUnicode', style='normal', variant='normal', weight=400, stretch='normal', size='scalable')) = 10.05
2023-03-06 14:27:00,991 - matplotlib.font_manager - DEBUG - findfont: score(FontEntry(fname='/usr/local/lib/python3.8/dist-packages/matplotlib/mpl-data/fonts/ttf/DejaVuSans-Oblique.ttf', name='DejaVu Sans', style='oblique', variant='normal', weight=400, stretch='normal', size='scalable')) = 1.05
2023-03-06 14:27:00,992 - matplotlib.font_manager - DEBUG - findfont: score(FontEntry(fname='/usr/local/lib/python3.8/dist-packages/matplotlib/mpl-data/fonts/ttf/STIXSizTwoSymReg.ttf', name='STIXSizeTwoSym', style='normal', variant='normal', weight=400, stretch='normal', size='scalable')) = 10.05
2023-03-06 14:27:00,993 - matplotlib.font_manager - DEBUG - findfont: score(FontEntry(fname='/usr/local/lib/python3.8/dist-packages/matplotlib/mpl-data/fonts/ttf/STIXGeneral.ttf', name='STIXGeneral', style='normal', variant='normal', weight=400, stretch='normal', size='scalable')) = 10.05
2023-03-06 14:27:00,999 - matplotlib.font_manager - DEBUG - findfont: score(FontEntry(fname='/usr/local/lib/python3.8/dist-packages/matplotlib/mpl-data/fonts/ttf/DejaVuSans-Bold.ttf', name='DejaVu Sans', style='normal', variant='normal', weight=700, stretch='normal', size='scalable')) = 0.33499999999999996
2023-03-06 14:27:01,000 - matplotlib.font_manager - DEBUG - findfont: score(FontEntry(fname='/usr/local/lib/python3.8/dist-packages/matplotlib/mpl-data/fonts/ttf/DejaVuSerif-Italic.ttf', name='DejaVu Serif', style='italic', variant='normal', weight=400, stretch='normal', size='scalable')) = 11.05
2023-03-06 14:27:01,001 - matplotlib.font_manager - DEBUG - findfont: score(FontEntry(fname='/usr/local/lib/python3.8/dist-packages/matplotlib/mpl-data/fonts/ttf/DejaVuSansMono-BoldOblique.ttf', name='DejaVu Sans Mono', style='oblique', variant='normal', weight=700, stretch='normal', size='scalable')) = 11.335
2023-03-06 14:27:01,007 - matplotlib.font_manager - DEBUG - findfont: score(FontEntry(fname='/usr/local/lib/python3.8/dist-packages/matplotlib/mpl-data/fonts/ttf/cmex10.ttf', name='cmex10', style='normal', variant='normal', weight=400, stretch='normal', size='scalable')) = 10.05
2023-03-06 14:27:01,009 - matplotlib.font_manager - DEBUG - findfont: score(FontEntry(fname='/usr/local/lib/python3.8/dist-packages/matplotlib/mpl-data/fonts/ttf/STIXNonUniBol.ttf', name='STIXNonUnicode', style='normal', variant='normal', weight=700, stretch='normal', size='scalable')) = 10.335
2023-03-06 14:27:01,010 - matplotlib.font_manager - DEBUG - findfont: score(FontEntry(fname='/usr/local/lib/python3.8/dist-packages/matplotlib/mpl-data/fonts/ttf/STIXSizFourSymReg.ttf', name='STIXSizeFourSym', style='normal', variant='normal', weight=400, stretch='normal', size='scalable')) = 10.05
2023-03-06 14:27:01,011 - matplotlib.font_manager - DEBUG - findfont: score(FontEntry(fname='/usr/local/lib/python3.8/dist-packages/matplotlib/mpl-data/fonts/ttf/STIXNonUniBolIta.ttf', name='STIXNonUnicode', style='italic', variant='normal', weight=700, stretch='normal', size='scalable')) = 11.335
2023-03-06 14:27:01,013 - matplotlib.font_manager - DEBUG - findfont: score(FontEntry(fname='/usr/share/fonts/truetype/liberation/LiberationMono-Italic.ttf', name='Liberation Mono', style='italic', variant='normal', weight=400, stretch='normal', size='scalable')) = 11.05
2023-03-06 14:27:01,015 - matplotlib.font_manager - DEBUG - findfont: score(FontEntry(fname='/usr/share/fonts/truetype/liberation/LiberationMono-BoldItalic.ttf', name='Liberation Mono', style='italic', variant='normal', weight=700, stretch='normal', size='scalable')) = 11.335
2023-03-06 14:27:01,016 - matplotlib.font_manager - DEBUG - findfont: score(FontEntry(fname='/usr/share/fonts/truetype/liberation/LiberationMono-Bold.ttf', name='Liberation Mono', style='normal', variant='normal', weight=700, stretch='normal', size='scalable')) = 10.335
2023-03-06 14:27:01,017 - matplotlib.font_manager - DEBUG - findfont: score(FontEntry(fname='/usr/share/fonts/truetype/liberation/LiberationSerif-BoldItalic.ttf', name='Liberation Serif', style='italic', variant='normal', weight=700, stretch='normal', size='scalable')) = 11.335
2023-03-06 14:27:01,019 - matplotlib.font_manager - DEBUG - findfont: score(FontEntry(fname='/usr/share/fonts/truetype/liberation/LiberationSans-Bold.ttf', name='Liberation Sans', style='normal', variant='normal', weight=700, stretch='normal', size='scalable')) = 10.335
2023-03-06 14:27:01,020 - matplotlib.font_manager - DEBUG - findfont: score(FontEntry(fname='/usr/share/fonts/truetype/liberation/LiberationSansNarrow-Regular.ttf', name='Liberation Sans Narrow', style='normal', variant='normal', weight=400, stretch='condensed', size='scalable')) = 10.25
2023-03-06 14:27:01,021 - matplotlib.font_manager - DEBUG - findfont: score(FontEntry(fname='/usr/share/fonts/truetype/humor-sans/Humor-Sans.ttf', name='Humor Sans', style='normal', variant='normal', weight=400, stretch='normal', size='scalable')) = 10.05
2023-03-06 14:27:01,023 - matplotlib.font_manager - DEBUG - findfont: score(FontEntry(fname='/usr/share/fonts/truetype/liberation/LiberationSerif-Bold.ttf', name='Liberation Serif', style='normal', variant='normal', weight=700, stretch='normal', size='scalable')) = 10.335
2023-03-06 14:27:01,024 - matplotlib.font_manager - DEBUG - findfont: score(FontEntry(fname='/usr/share/fonts/truetype/liberation/LiberationSansNarrow-Italic.ttf', name='Liberation Sans Narrow', style='italic', variant='normal', weight=400, stretch='condensed', size='scalable')) = 11.25
2023-03-06 14:27:01,026 - matplotlib.font_manager - DEBUG - findfont: score(FontEntry(fname='/usr/share/fonts/truetype/liberation/LiberationSansNarrow-BoldItalic.ttf', name='Liberation Sans Narrow', style='italic', variant='normal', weight=700, stretch='condensed', size='scalable')) = 11.535
2023-03-06 14:27:01,027 - matplotlib.font_manager - DEBUG - findfont: score(FontEntry(fname='/usr/share/fonts/truetype/liberation/LiberationMono-Regular.ttf', name='Liberation Mono', style='normal', variant='normal', weight=400, stretch='normal', size='scalable')) = 10.05
2023-03-06 14:27:01,028 - matplotlib.font_manager - DEBUG - findfont: score(FontEntry(fname='/usr/share/fonts/truetype/liberation/LiberationSans-Regular.ttf', name='Liberation Sans', style='normal', variant='normal', weight=400, stretch='normal', size='scalable')) = 10.05
2023-03-06 14:27:01,030 - matplotlib.font_manager - DEBUG - findfont: score(FontEntry(fname='/usr/share/fonts/truetype/liberation/LiberationSerif-Regular.ttf', name='Liberation Serif', style='normal', variant='normal', weight=400, stretch='normal', size='scalable')) = 10.05
2023-03-06 14:27:01,031 - matplotlib.font_manager - DEBUG - findfont: score(FontEntry(fname='/usr/share/fonts/truetype/liberation/LiberationSans-Italic.ttf', name='Liberation Sans', style='italic', variant='normal', weight=400, stretch='normal', size='scalable')) = 11.05
2023-03-06 14:27:01,032 - matplotlib.font_manager - DEBUG - findfont: score(FontEntry(fname='/usr/share/fonts/truetype/liberation/LiberationSansNarrow-Bold.ttf', name='Liberation Sans Narrow', style='normal', variant='normal', weight=700, stretch='condensed', size='scalable')) = 10.535
2023-03-06 14:27:01,034 - matplotlib.font_manager - DEBUG - findfont: score(FontEntry(fname='/usr/share/fonts/truetype/liberation/LiberationSans-BoldItalic.ttf', name='Liberation Sans', style='italic', variant='normal', weight=700, stretch='normal', size='scalable')) = 11.335
2023-03-06 14:27:01,035 - matplotlib.font_manager - DEBUG - findfont: score(FontEntry(fname='/usr/share/fonts/truetype/liberation/LiberationSerif-Italic.ttf', name='Liberation Serif', style='italic', variant='normal', weight=400, stretch='normal', size='scalable')) = 11.05
2023-03-06 14:27:01,037 - matplotlib.font_manager - DEBUG - findfont: Matching sans\-serif:style=normal:variant=normal:weight=normal:stretch=normal:size=9.5 to DejaVu Sans ('/usr/local/lib/python3.8/dist-packages/matplotlib/mpl-data/fonts/ttf/DejaVuSans.ttf') with score of 0.050000.
2023-03-06 15:08:02,267 - root - INFO - We will be fitting the Model -  Random Forest after using TTS
2023-03-06 15:09:25,854 - root - INFO - The model is now saved!
2023-03-06 15:09:25,858 - root - INFO - Made by Larissa Pereira and Meet Patel.
